Log file open, 09/23/19 15:49:30
LogWindows: Failed to load 'aqProf.dll' (GetLastError=126)
LogWindows: File 'aqProf.dll' does not exist
LogWindows: Failed to load 'VtuneApi.dll' (GetLastError=126)
LogWindows: File 'VtuneApi.dll' does not exist
LogWindows: Failed to load 'VtuneApi32e.dll' (GetLastError=126)
LogWindows: File 'VtuneApi32e.dll' does not exist
LogConsoleResponse: Display: Failed to find resolution value strings in scalability ini. Falling back to default.
LogInit: Display: Running engine for game: Cga
LogPlatformFile: Not using cached read wrapper
LogTaskGraph: Started task graph with 5 named threads and 11 total threads with 3 sets of task threads.
LogStats: Stats thread started at 0.164139
LogD3D11RHI: Loaded GFSDK_Aftermath_Lib.x64.dll
LogICUInternationalization: ICU TimeZone Detection - Raw Offset: +3:00, Platform Override: ''
LogPluginManager: Mounting plugin Paper2D
LogPluginManager: Mounting plugin AISupport
LogPluginManager: Mounting plugin LightPropagationVolume
LogPluginManager: Mounting plugin ActorLayerUtilities
LogPluginManager: Mounting plugin AnimationSharing
LogPluginManager: Mounting plugin CLionSourceCodeAccess
LogPluginManager: Mounting plugin CodeLiteSourceCodeAccess
LogPluginManager: Mounting plugin GitSourceControl
LogPluginManager: Mounting plugin KDevelopSourceCodeAccess
LogPluginManager: Mounting plugin NullSourceCodeAccess
LogPluginManager: Mounting plugin PerforceSourceControl
LogPluginManager: Mounting plugin SubversionSourceControl
LogPluginManager: Mounting plugin UObjectPlugin
LogPluginManager: Mounting plugin VisualStudioCodeSourceCodeAccess
LogPluginManager: Mounting plugin VisualStudioSourceCodeAccess
LogPluginManager: Mounting plugin XCodeSourceCodeAccess
LogPluginManager: Mounting plugin AssetManagerEditor
LogPluginManager: Mounting plugin CryptoKeys
LogPluginManager: Mounting plugin CurveEditorTools
LogPluginManager: Mounting plugin DataValidation
LogPluginManager: Mounting plugin FacialAnimation
LogPluginManager: Mounting plugin GameplayTagsEditor
LogPluginManager: Mounting plugin MacGraphicsSwitching
LogPluginManager: Mounting plugin MaterialAnalyzer
LogPluginManager: Mounting plugin MobileLauncherProfileWizard
LogPluginManager: Mounting plugin PluginBrowser
LogPluginManager: Mounting plugin SpeedTreeImporter
LogPluginManager: Mounting plugin DatasmithContent
LogPluginManager: Mounting plugin VariantManagerContent
LogPluginManager: Mounting plugin AlembicImporter
LogPluginManager: Mounting plugin AutomationUtils
LogPluginManager: Mounting plugin BackChannel
LogPluginManager: Mounting plugin CharacterAI
LogPluginManager: Mounting plugin GeometryCache
LogPluginManager: Mounting plugin HTML5Networking
LogPluginManager: Mounting plugin PlatformCrypto
LogPluginManager: Mounting plugin ProxyLODPlugin
LogPluginManager: Mounting plugin SkeletalReduction
LogPluginManager: Mounting plugin MagicLeap
LogPluginManager: Mounting plugin MagicLeapMedia
LogPluginManager: Mounting plugin AndroidMedia
LogPluginManager: Mounting plugin AvfMedia
LogPluginManager: Mounting plugin ImgMedia
LogPluginManager: Mounting plugin MediaCompositing
LogPluginManager: Mounting plugin MediaPlayerEditor
LogPluginManager: Mounting plugin WebMMedia
LogPluginManager: Mounting plugin WmfMedia
LogPluginManager: Mounting plugin TcpMessaging
LogPluginManager: Mounting plugin UdpMessaging
LogPluginManager: Mounting plugin ActorSequence
LogPluginManager: Mounting plugin LevelSequenceEditor
LogPluginManager: Mounting plugin MatineeToLevelSequence
LogPluginManager: Mounting plugin NetcodeUnitTest
LogPluginManager: Mounting plugin NUTUnrealEngine4
LogPluginManager: Mounting plugin OnlineSubsystemGooglePlay
LogPluginManager: Mounting plugin OnlineSubsystemIOS
LogPluginManager: Mounting plugin OnlineSubsystem
LogPluginManager: Mounting plugin OnlineSubsystemNull
LogPluginManager: Mounting plugin OnlineSubsystemUtils
LogPluginManager: Mounting plugin LauncherChunkInstaller
LogPluginManager: Mounting plugin AndroidDeviceProfileSelector
LogPluginManager: Mounting plugin AndroidMoviePlayer
LogPluginManager: Mounting plugin AndroidPermission
LogPluginManager: Mounting plugin AppleImageUtils
LogPluginManager: Mounting plugin AppleMoviePlayer
LogPluginManager: Mounting plugin ArchVisCharacter
LogPluginManager: Mounting plugin AudioCapture
LogPluginManager: Mounting plugin CableComponent
LogPluginManager: Mounting plugin CustomMeshComponent
LogPluginManager: Mounting plugin EditableMesh
LogPluginManager: Mounting plugin ExampleDeviceProfileSelector
LogPluginManager: Mounting plugin GoogleCloudMessaging
LogPluginManager: Mounting plugin IOSDeviceProfileSelector
LogPluginManager: Mounting plugin LinuxDeviceProfileSelector
LogPluginManager: Mounting plugin LocationServicesBPLibrary
LogPluginManager: Mounting plugin MobilePatchingUtils
LogPluginManager: Mounting plugin OculusVR
LogPluginManager: Mounting plugin PhysXVehicles
LogPluginManager: Mounting plugin ProceduralMeshComponent
LogPluginManager: Mounting plugin RuntimePhysXCooking
LogPluginManager: Mounting plugin SignificanceManager
LogPluginManager: Mounting plugin SteamVR
LogPluginManager: Mounting plugin WebMMoviePlayer
LogPluginManager: Mounting plugin WindowsMoviePlayer
LogPluginManager: Mounting plugin ScreenshotTools
LogInit: Using libcurl 7.55.1-DEV
LogInit:  - built for x86_64-pc-win32
LogInit:  - supports SSL with OpenSSL/1.1.1
LogInit:  - supports HTTP deflate (compression) using libz 1.2.8
LogInit:  - other features:
LogInit:      CURL_VERSION_SSL
LogInit:      CURL_VERSION_LIBZ
LogInit:      CURL_VERSION_IPV6
LogInit:      CURL_VERSION_ASYNCHDNS
LogInit:      CURL_VERSION_LARGEFILE
LogInit:      CURL_VERSION_IDN
LogInit:  CurlRequestOptions (configurable via config and command line):
LogInit:  - bVerifyPeer = true  - Libcurl will verify peer certificate
LogInit:  - bUseHttpProxy = false  - Libcurl will NOT use HTTP proxy
LogInit:  - bDontReuseConnections = false  - Libcurl will reuse connections
LogInit:  - MaxHostConnections = 16  - Libcurl will limit the number of connections to a host
LogInit:  - LocalHostAddr = Default
LogInit:  - BufferSize = 65536
LogOnline: OSS: Creating online subsystem instance for: NULL
LogInit: WinSock: version 1.1 (2.2), MaxSocks=32767, MaxUdp=65467
LogInit: Build: ++UE4+Release-4.23-CL-8386587
LogInit: Engine Version: 4.23.0-8386587+++UE4+Release-4.23
LogInit: Compatible Engine Version: 4.23.0-8386587+++UE4+Release-4.23
LogInit: Net CL: 8386587
LogInit: OS: Windows 10 (Release 1903) (), CPU: Intel(R) Core(TM) i3-4130 CPU @ 3.40GHz, GPU: NVIDIA GeForce GTX 750
LogInit: Compiled (64-bit): Aug 31 2019 02:04:44
LogInit: Compiled with Visual C++: 19.16.27030.01
LogInit: Build Configuration: Development
LogInit: Branch Name: ++UE4+Release-4.23
LogInit: Command Line: 
LogInit: Base Directory: C:/Program Files/Epic Games/UE_4.23/Engine/Binaries/Win64/
LogInit: Installed Engine Build: 1
LogDevObjectVersion: Number of dev versions registered: 23
LogDevObjectVersion:   Dev-Blueprints (B0D832E4-1F89-4F0D-ACCF-7EB736FD4AA2): 10
LogDevObjectVersion:   Dev-Build (E1C64328-A22C-4D53-A36C-8E866417BD8C): 0
LogDevObjectVersion:   Dev-Core (375EC13C-06E4-48FB-B500-84F0262A717E): 3
LogDevObjectVersion:   Dev-Editor (E4B068ED-F494-42E9-A231-DA0B2E46BB41): 34
LogDevObjectVersion:   Dev-Framework (CFFC743F-43B0-4480-9391-14DF171D2073): 35
LogDevObjectVersion:   Dev-Mobile (B02B49B5-BB20-44E9-A304-32B752E40360): 2
LogDevObjectVersion:   Dev-Networking (A4E4105C-59A1-49B5-A7C5-40C4547EDFEE): 0
LogDevObjectVersion:   Dev-Online (39C831C9-5AE6-47DC-9A44-9C173E1C8E7C): 0
LogDevObjectVersion:   Dev-Physics (78F01B33-EBEA-4F98-B9B4-84EACCB95AA2): 0
LogDevObjectVersion:   Dev-Platform (6631380F-2D4D-43E0-8009-CF276956A95A): 0
LogDevObjectVersion:   Dev-Rendering (12F88B9F-8875-4AFC-A67C-D90C383ABD29): 31
LogDevObjectVersion:   Dev-Sequencer (7B5AE74C-D270-4C10-A958-57980B212A5A): 11
LogDevObjectVersion:   Dev-VR (D7296918-1DD6-4BDD-9DE2-64A83CC13884): 2
LogDevObjectVersion:   Dev-LoadTimes (C2A15278-BFE7-4AFE-6C17-90FF531DF755): 1
LogDevObjectVersion:   Private-Geometry (6EACA3D4-40EC-4CC1-B786-8BED09428FC5): 3
LogDevObjectVersion:   Dev-AnimPhys (29E575DD-E0A3-4627-9D10-D276232CDCEA): 17
LogDevObjectVersion:   Dev-Anim (AF43A65D-7FD3-4947-9873-3E8ED9C1BB05): 2
LogDevObjectVersion:   Dev-ReflectionCapture (6B266CEC-1EC7-4B8F-A30B-E4D90942FC07): 1
LogDevObjectVersion:   Dev-Automation (0DF73D61-A23F-47EA-B727-89E90C41499A): 1
LogDevObjectVersion:   FortniteMain (601D1886-AC64-4F84-AA16-D3DE0DEAC7D6): 27
LogDevObjectVersion:   Dev-Enterprise (9DFFBCD6-494F-0158-E221-12823C92A888): 6
LogDevObjectVersion:   Dev-Niagara (F2AED0AC-9AFE-416F-8664-AA7FFA26D6FC): 1
LogDevObjectVersion:   Dev-Destruction (174F1F0B-B4C6-45A5-B13F-2EE8D0FB917D): 9
LogInit: Presizing for max 16777216 objects, including 0 objects not considered by GC, pre-allocating 0 bytes for permanent pool.
LogInit: Object subsystem initialized
LogConfig: Setting CVar [[con.DebugEarlyDefault:1]]
LogConfig: Setting CVar [[r.setres:1280x720]]
[2019.09.23-12.49.31:366][  0]LogConfig: Setting CVar [[r.VSync:0]]
[2019.09.23-12.49.31:366][  0]LogConfig: Setting CVar [[r.RHICmdBypass:0]]
[2019.09.23-12.49.31:366][  0]LogConfig: Applying CVar settings from Section [/Script/Engine.RendererSettings] File [E:/Github/cga/Cga/Saved/Config/Windows/Engine.ini]
[2019.09.23-12.49.31:366][  0]LogConfig: Setting CVar [[r.GPUCrashDebugging:0]]
[2019.09.23-12.49.31:366][  0]LogConfig: Setting CVar [[r.DefaultFeature.AutoExposure.ExtendDefaultLuminanceRange:1]]
[2019.09.23-12.49.31:366][  0]LogConfig: Applying CVar settings from Section [/Script/Engine.RendererOverrideSettings] File [E:/Github/cga/Cga/Saved/Config/Windows/Engine.ini]
[2019.09.23-12.49.31:366][  0]LogConfig: Applying CVar settings from Section [/Script/Engine.StreamingSettings] File [E:/Github/cga/Cga/Saved/Config/Windows/Engine.ini]
[2019.09.23-12.49.31:366][  0]LogConfig: Setting CVar [[s.MinBulkDataSizeForAsyncLoading:131072]]
[2019.09.23-12.49.31:366][  0]LogConfig: Setting CVar [[s.AsyncLoadingThreadEnabled:0]]
[2019.09.23-12.49.31:366][  0]LogConfig: Setting CVar [[s.EventDrivenLoaderEnabled:1]]
[2019.09.23-12.49.31:366][  0]LogConfig: Setting CVar [[s.WarnIfTimeLimitExceeded:0]]
[2019.09.23-12.49.31:366][  0]LogConfig: Setting CVar [[s.TimeLimitExceededMultiplier:1.5]]
[2019.09.23-12.49.31:366][  0]LogConfig: Setting CVar [[s.TimeLimitExceededMinTime:0.005]]
[2019.09.23-12.49.31:366][  0]LogConfig: Setting CVar [[s.UseBackgroundLevelStreaming:1]]
[2019.09.23-12.49.31:366][  0]LogConfig: Setting CVar [[s.PriorityAsyncLoadingExtraTime:15.0]]
[2019.09.23-12.49.31:366][  0]LogConfig: Setting CVar [[s.LevelStreamingActorsUpdateTimeLimit:5.0]]
[2019.09.23-12.49.31:366][  0]LogConfig: Setting CVar [[s.PriorityLevelStreamingActorsUpdateExtraTime:5.0]]
[2019.09.23-12.49.31:366][  0]LogConfig: Setting CVar [[s.LevelStreamingComponentsRegistrationGranularity:10]]
[2019.09.23-12.49.31:366][  0]LogConfig: Setting CVar [[s.UnregisterComponentsTimeLimit:1.0]]
[2019.09.23-12.49.31:366][  0]LogConfig: Setting CVar [[s.LevelStreamingComponentsUnregistrationGranularity:5]]
[2019.09.23-12.49.31:366][  0]LogConfig: Applying CVar settings from Section [/Script/Engine.GarbageCollectionSettings] File [E:/Github/cga/Cga/Saved/Config/Windows/Engine.ini]
[2019.09.23-12.49.31:366][  0]LogConfig: Setting CVar [[gc.MaxObjectsNotConsideredByGC:1]]
[2019.09.23-12.49.31:366][  0]LogConfig: Setting CVar [[gc.SizeOfPermanentObjectPool:0]]
[2019.09.23-12.49.31:366][  0]LogConfig: Setting CVar [[gc.FlushStreamingOnGC:0]]
[2019.09.23-12.49.31:366][  0]LogConfig: Setting CVar [[gc.NumRetriesBeforeForcingGC:10]]
[2019.09.23-12.49.31:366][  0]LogConfig: Setting CVar [[gc.AllowParallelGC:1]]
[2019.09.23-12.49.31:366][  0]LogConfig: Setting CVar [[gc.TimeBetweenPurgingPendingKillObjects:61.1]]
[2019.09.23-12.49.31:366][  0]LogConfig: Setting CVar [[gc.MaxObjectsInEditor:16777216]]
[2019.09.23-12.49.31:366][  0]LogConfig: Setting CVar [[gc.IncrementalBeginDestroyEnabled:1]]
[2019.09.23-12.49.31:366][  0]LogConfig: Setting CVar [[gc.CreateGCClusters:1]]
[2019.09.23-12.49.31:366][  0]LogConfig: Setting CVar [[gc.MinGCClusterSize:5]]
[2019.09.23-12.49.31:366][  0]LogConfig: Setting CVar [[gc.ActorClusteringEnabled:0]]
[2019.09.23-12.49.31:366][  0]LogConfig: Setting CVar [[gc.BlueprintClusteringEnabled:0]]
[2019.09.23-12.49.31:366][  0]LogConfig: Setting CVar [[gc.UseDisregardForGCOnDedicatedServers:0]]
[2019.09.23-12.49.31:366][  0]LogConfig: Applying CVar settings from Section [/Script/Engine.NetworkSettings] File [E:/Github/cga/Cga/Saved/Config/Windows/Engine.ini]
[2019.09.23-12.49.31:366][  0]LogConfig: Applying CVar settings from Section [/Script/UnrealEd.CookerSettings] File [E:/Github/cga/Cga/Saved/Config/Windows/Engine.ini]
[2019.09.23-12.49.31:369][  0]LogConfig: Applying CVar settings from Section [ViewDistanceQuality@3] File [E:/Github/cga/Cga/Saved/Config/Windows/Scalability.ini]
[2019.09.23-12.49.31:369][  0]LogConfig: Setting CVar [[r.SkeletalMeshLODBias:0]]
[2019.09.23-12.49.31:369][  0]LogConfig: Setting CVar [[r.ViewDistanceScale:1.0]]
[2019.09.23-12.49.31:369][  0]LogConfig: Applying CVar settings from Section [AntiAliasingQuality@3] File [E:/Github/cga/Cga/Saved/Config/Windows/Scalability.ini]
[2019.09.23-12.49.31:369][  0]LogConfig: Setting CVar [[r.PostProcessAAQuality:4]]
[2019.09.23-12.49.31:369][  0]LogConfig: Applying CVar settings from Section [ShadowQuality@3] File [E:/Github/cga/Cga/Saved/Config/Windows/Scalability.ini]
[2019.09.23-12.49.31:369][  0]LogConfig: Setting CVar [[r.LightFunctionQuality:1]]
[2019.09.23-12.49.31:369][  0]LogConfig: Setting CVar [[r.ShadowQuality:5]]
[2019.09.23-12.49.31:369][  0]LogConfig: Setting CVar [[r.Shadow.CSM.MaxCascades:10]]
[2019.09.23-12.49.31:369][  0]LogConfig: Setting CVar [[r.Shadow.MaxResolution:2048]]
[2019.09.23-12.49.31:369][  0]LogConfig: Setting CVar [[r.Shadow.MaxCSMResolution:2048]]
[2019.09.23-12.49.31:369][  0]LogConfig: Setting CVar [[r.Shadow.RadiusThreshold:0.01]]
[2019.09.23-12.49.31:369][  0]LogConfig: Setting CVar [[r.Shadow.DistanceScale:1.0]]
[2019.09.23-12.49.31:369][  0]LogConfig: Setting CVar [[r.Shadow.CSM.TransitionScale:1.0]]
[2019.09.23-12.49.31:369][  0]LogConfig: Setting CVar [[r.Shadow.PreShadowResolutionFactor:1.0]]
[2019.09.23-12.49.31:369][  0]LogConfig: Setting CVar [[r.DistanceFieldShadowing:1]]
[2019.09.23-12.49.31:369][  0]LogConfig: Setting CVar [[r.DistanceFieldAO:1]]
[2019.09.23-12.49.31:369][  0]LogConfig: Setting CVar [[r.AOQuality:2]]
[2019.09.23-12.49.31:369][  0]LogConfig: Setting CVar [[r.VolumetricFog:1]]
[2019.09.23-12.49.31:369][  0]LogConfig: Setting CVar [[r.VolumetricFog.GridPixelSize:8]]
[2019.09.23-12.49.31:369][  0]LogConfig: Setting CVar [[r.VolumetricFog.GridSizeZ:128]]
[2019.09.23-12.49.31:369][  0]LogConfig: Setting CVar [[r.VolumetricFog.HistoryMissSupersampleCount:4]]
[2019.09.23-12.49.31:369][  0]LogConfig: Setting CVar [[r.LightMaxDrawDistanceScale:1]]
[2019.09.23-12.49.31:369][  0]LogConfig: Setting CVar [[r.CapsuleShadows:1]]
[2019.09.23-12.49.31:369][  0]LogConfig: Applying CVar settings from Section [PostProcessQuality@3] File [E:/Github/cga/Cga/Saved/Config/Windows/Scalability.ini]
[2019.09.23-12.49.31:369][  0]LogConfig: Setting CVar [[r.MotionBlurQuality:4]]
[2019.09.23-12.49.31:369][  0]LogConfig: Setting CVar [[r.AmbientOcclusionMipLevelFactor:0.4]]
[2019.09.23-12.49.31:369][  0]LogConfig: Setting CVar [[r.AmbientOcclusionMaxQuality:100]]
[2019.09.23-12.49.31:369][  0]LogConfig: Setting CVar [[r.AmbientOcclusionLevels:-1]]
[2019.09.23-12.49.31:369][  0]LogConfig: Setting CVar [[r.AmbientOcclusionRadiusScale:1.0]]
[2019.09.23-12.49.31:369][  0]LogConfig: Setting CVar [[r.DepthOfFieldQuality:2]]
[2019.09.23-12.49.31:369][  0]LogConfig: Setting CVar [[r.RenderTargetPoolMin:400]]
[2019.09.23-12.49.31:369][  0]LogConfig: Setting CVar [[r.LensFlareQuality:2]]
[2019.09.23-12.49.31:369][  0]LogConfig: Setting CVar [[r.SceneColorFringeQuality:1]]
[2019.09.23-12.49.31:369][  0]LogConfig: Setting CVar [[r.EyeAdaptationQuality:2]]
[2019.09.23-12.49.31:369][  0]LogConfig: Setting CVar [[r.BloomQuality:5]]
[2019.09.23-12.49.31:369][  0]LogConfig: Setting CVar [[r.FastBlurThreshold:100]]
[2019.09.23-12.49.31:369][  0]LogConfig: Setting CVar [[r.Upscale.Quality:3]]
[2019.09.23-12.49.31:369][  0]LogConfig: Setting CVar [[r.Tonemapper.GrainQuantization:1]]
[2019.09.23-12.49.31:369][  0]LogConfig: Setting CVar [[r.LightShaftQuality:1]]
[2019.09.23-12.49.31:369][  0]LogConfig: Setting CVar [[r.Filter.SizeScale:1]]
[2019.09.23-12.49.31:369][  0]LogConfig: Setting CVar [[r.Tonemapper.Quality:5]]
[2019.09.23-12.49.31:369][  0]LogConfig: Setting CVar [[r.DOF.Gather.AccumulatorQuality:1        ; higher gathering accumulator quality]]
[2019.09.23-12.49.31:369][  0]LogConfig: Setting CVar [[r.DOF.Gather.PostfilterMethod:1          ; Median3x3 postfilering method]]
[2019.09.23-12.49.31:369][  0]LogConfig: Setting CVar [[r.DOF.Gather.EnableBokehSettings:0       ; no bokeh simulation when gathering]]
[2019.09.23-12.49.31:369][  0]LogConfig: Setting CVar [[r.DOF.Gather.RingCount:4                 ; medium number of samples when gathering]]
[2019.09.23-12.49.31:369][  0]LogConfig: Setting CVar [[r.DOF.Scatter.ForegroundCompositing:1    ; additive foreground scattering]]
[2019.09.23-12.49.31:369][  0]LogConfig: Setting CVar [[r.DOF.Scatter.BackgroundCompositing:2    ; additive background scattering]]
[2019.09.23-12.49.31:369][  0]LogConfig: Setting CVar [[r.DOF.Scatter.EnableBokehSettings:1      ; bokeh simulation when scattering]]
[2019.09.23-12.49.31:369][  0]LogConfig: Setting CVar [[r.DOF.Scatter.MaxSpriteRatio:0.1         ; only a maximum of 10% of scattered bokeh]]
[2019.09.23-12.49.31:369][  0]LogConfig: Setting CVar [[r.DOF.Recombine.Quality:1                ; cheap slight out of focus]]
[2019.09.23-12.49.31:369][  0]LogConfig: Setting CVar [[r.DOF.Recombine.EnableBokehSettings:0    ; no bokeh simulation on slight out of focus]]
[2019.09.23-12.49.31:369][  0]LogConfig: Setting CVar [[r.DOF.TemporalAAQuality:1                ; more stable temporal accumulation]]
[2019.09.23-12.49.31:369][  0]LogConfig: Setting CVar [[r.DOF.Kernel.MaxForegroundRadius:0.025]]
[2019.09.23-12.49.31:369][  0]LogConfig: Setting CVar [[r.DOF.Kernel.MaxBackgroundRadius:0.025]]
[2019.09.23-12.49.31:369][  0]LogConfig: Applying CVar settings from Section [TextureQuality@3] File [E:/Github/cga/Cga/Saved/Config/Windows/Scalability.ini]
[2019.09.23-12.49.31:369][  0]LogConfig: Setting CVar [[r.Streaming.MipBias:0]]
[2019.09.23-12.49.31:369][  0]LogConfig: Setting CVar [[r.Streaming.AmortizeCPUToGPUCopy:0]]
[2019.09.23-12.49.31:369][  0]LogConfig: Setting CVar [[r.Streaming.MaxNumTexturesToStreamPerFrame:0]]
[2019.09.23-12.49.31:369][  0]LogConfig: Setting CVar [[r.Streaming.Boost:1]]
[2019.09.23-12.49.31:369][  0]LogConfig: Setting CVar [[r.MaxAnisotropy:8]]
[2019.09.23-12.49.31:369][  0]LogConfig: Setting CVar [[r.Streaming.LimitPoolSizeToVRAM:0]]
[2019.09.23-12.49.31:369][  0]LogConfig: Setting CVar [[r.Streaming.PoolSize:1000]]
[2019.09.23-12.49.31:369][  0]LogConfig: Setting CVar [[r.Streaming.MaxEffectiveScreenSize:0]]
[2019.09.23-12.49.31:369][  0]LogConfig: Applying CVar settings from Section [EffectsQuality@3] File [E:/Github/cga/Cga/Saved/Config/Windows/Scalability.ini]
[2019.09.23-12.49.31:369][  0]LogConfig: Setting CVar [[r.TranslucencyLightingVolumeDim:64]]
[2019.09.23-12.49.31:369][  0]LogConfig: Setting CVar [[r.RefractionQuality:2]]
[2019.09.23-12.49.31:369][  0]LogConfig: Setting CVar [[r.SSR.Quality:3]]
[2019.09.23-12.49.31:369][  0]LogConfig: Setting CVar [[r.SceneColorFormat:4]]
[2019.09.23-12.49.31:369][  0]LogConfig: Setting CVar [[r.DetailMode:2]]
[2019.09.23-12.49.31:369][  0]LogConfig: Setting CVar [[r.TranslucencyVolumeBlur:1]]
[2019.09.23-12.49.31:369][  0]LogConfig: Setting CVar [[r.MaterialQualityLevel:1 ; High quality]]
[2019.09.23-12.49.31:369][  0]LogConfig: Setting CVar [[r.SSS.Scale:1]]
[2019.09.23-12.49.31:369][  0]LogConfig: Setting CVar [[r.SSS.SampleSet:2]]
[2019.09.23-12.49.31:369][  0]LogConfig: Setting CVar [[r.SSS.Quality:1]]
[2019.09.23-12.49.31:370][  0]LogConfig: Setting CVar [[r.SSS.HalfRes:1]]
[2019.09.23-12.49.31:370][  0]LogConfig: Setting CVar [[r.EmitterSpawnRateScale:1.0]]
[2019.09.23-12.49.31:370][  0]LogConfig: Setting CVar [[r.ParticleLightQuality:2]]
[2019.09.23-12.49.31:370][  0]LogConfig: Applying CVar settings from Section [FoliageQuality@3] File [E:/Github/cga/Cga/Saved/Config/Windows/Scalability.ini]
[2019.09.23-12.49.31:370][  0]LogConfig: Setting CVar [[foliage.DensityScale:1.0]]
[2019.09.23-12.49.31:370][  0]LogConfig: Setting CVar [[grass.DensityScale:1.0]]
[2019.09.23-12.49.31:370][  0]LogInit: Selected Device Profile: [Windows]
[2019.09.23-12.49.31:370][  0]LogInit: Applying CVar settings loaded from the selected device profile: [Windows]
[2019.09.23-12.49.31:378][  0]LogHAL: Display: Platform has ~ 8 GB [8505819136 / 8589934592 / 8], which maps to Default [LargestMinGB=32, LargerMinGB=12, DefaultMinGB=8, SmallerMinGB=6, SmallestMinGB=0)
[2019.09.23-12.49.31:378][  0]LogInit: Going up to parent DeviceProfile []
[2019.09.23-12.49.31:378][  0]LogConfig: Applying CVar settings from Section [ViewDistanceQuality@3] File [E:/Github/cga/Cga/Saved/Config/Windows/Scalability.ini]
[2019.09.23-12.49.31:378][  0]LogConfig: Setting CVar [[r.SkeletalMeshLODBias:0]]
[2019.09.23-12.49.31:378][  0]LogConfig: Setting CVar [[r.ViewDistanceScale:1.0]]
[2019.09.23-12.49.31:378][  0]LogConfig: Applying CVar settings from Section [AntiAliasingQuality@3] File [E:/Github/cga/Cga/Saved/Config/Windows/Scalability.ini]
[2019.09.23-12.49.31:378][  0]LogConfig: Setting CVar [[r.PostProcessAAQuality:4]]
[2019.09.23-12.49.31:378][  0]LogConfig: Applying CVar settings from Section [ShadowQuality@3] File [E:/Github/cga/Cga/Saved/Config/Windows/Scalability.ini]
[2019.09.23-12.49.31:378][  0]LogConfig: Setting CVar [[r.LightFunctionQuality:1]]
[2019.09.23-12.49.31:378][  0]LogConfig: Setting CVar [[r.ShadowQuality:5]]
[2019.09.23-12.49.31:378][  0]LogConfig: Setting CVar [[r.Shadow.CSM.MaxCascades:10]]
[2019.09.23-12.49.31:378][  0]LogConfig: Setting CVar [[r.Shadow.MaxResolution:2048]]
[2019.09.23-12.49.31:378][  0]LogConfig: Setting CVar [[r.Shadow.MaxCSMResolution:2048]]
[2019.09.23-12.49.31:378][  0]LogConfig: Setting CVar [[r.Shadow.RadiusThreshold:0.01]]
[2019.09.23-12.49.31:378][  0]LogConfig: Setting CVar [[r.Shadow.DistanceScale:1.0]]
[2019.09.23-12.49.31:378][  0]LogConfig: Setting CVar [[r.Shadow.CSM.TransitionScale:1.0]]
[2019.09.23-12.49.31:378][  0]LogConfig: Setting CVar [[r.Shadow.PreShadowResolutionFactor:1.0]]
[2019.09.23-12.49.31:378][  0]LogConfig: Setting CVar [[r.DistanceFieldShadowing:1]]
[2019.09.23-12.49.31:378][  0]LogConfig: Setting CVar [[r.DistanceFieldAO:1]]
[2019.09.23-12.49.31:378][  0]LogConfig: Setting CVar [[r.AOQuality:2]]
[2019.09.23-12.49.31:378][  0]LogConfig: Setting CVar [[r.VolumetricFog:1]]
[2019.09.23-12.49.31:378][  0]LogConfig: Setting CVar [[r.VolumetricFog.GridPixelSize:8]]
[2019.09.23-12.49.31:378][  0]LogConfig: Setting CVar [[r.VolumetricFog.GridSizeZ:128]]
[2019.09.23-12.49.31:378][  0]LogConfig: Setting CVar [[r.VolumetricFog.HistoryMissSupersampleCount:4]]
[2019.09.23-12.49.31:378][  0]LogConfig: Setting CVar [[r.LightMaxDrawDistanceScale:1]]
[2019.09.23-12.49.31:378][  0]LogConfig: Setting CVar [[r.CapsuleShadows:1]]
[2019.09.23-12.49.31:378][  0]LogConfig: Applying CVar settings from Section [PostProcessQuality@3] File [E:/Github/cga/Cga/Saved/Config/Windows/Scalability.ini]
[2019.09.23-12.49.31:379][  0]LogConfig: Setting CVar [[r.MotionBlurQuality:4]]
[2019.09.23-12.49.31:379][  0]LogConfig: Setting CVar [[r.AmbientOcclusionMipLevelFactor:0.4]]
[2019.09.23-12.49.31:379][  0]LogConfig: Setting CVar [[r.AmbientOcclusionMaxQuality:100]]
[2019.09.23-12.49.31:379][  0]LogConfig: Setting CVar [[r.AmbientOcclusionLevels:-1]]
[2019.09.23-12.49.31:379][  0]LogConfig: Setting CVar [[r.AmbientOcclusionRadiusScale:1.0]]
[2019.09.23-12.49.31:379][  0]LogConfig: Setting CVar [[r.DepthOfFieldQuality:2]]
[2019.09.23-12.49.31:379][  0]LogConfig: Setting CVar [[r.RenderTargetPoolMin:400]]
[2019.09.23-12.49.31:379][  0]LogConfig: Setting CVar [[r.LensFlareQuality:2]]
[2019.09.23-12.49.31:379][  0]LogConfig: Setting CVar [[r.SceneColorFringeQuality:1]]
[2019.09.23-12.49.31:379][  0]LogConfig: Setting CVar [[r.EyeAdaptationQuality:2]]
[2019.09.23-12.49.31:379][  0]LogConfig: Setting CVar [[r.BloomQuality:5]]
[2019.09.23-12.49.31:379][  0]LogConfig: Setting CVar [[r.FastBlurThreshold:100]]
[2019.09.23-12.49.31:379][  0]LogConfig: Setting CVar [[r.Upscale.Quality:3]]
[2019.09.23-12.49.31:379][  0]LogConfig: Setting CVar [[r.Tonemapper.GrainQuantization:1]]
[2019.09.23-12.49.31:379][  0]LogConfig: Setting CVar [[r.LightShaftQuality:1]]
[2019.09.23-12.49.31:379][  0]LogConfig: Setting CVar [[r.Filter.SizeScale:1]]
[2019.09.23-12.49.31:379][  0]LogConfig: Setting CVar [[r.Tonemapper.Quality:5]]
[2019.09.23-12.49.31:379][  0]LogConfig: Setting CVar [[r.DOF.Gather.AccumulatorQuality:1        ; higher gathering accumulator quality]]
[2019.09.23-12.49.31:379][  0]LogConfig: Setting CVar [[r.DOF.Gather.PostfilterMethod:1          ; Median3x3 postfilering method]]
[2019.09.23-12.49.31:379][  0]LogConfig: Setting CVar [[r.DOF.Gather.EnableBokehSettings:0       ; no bokeh simulation when gathering]]
[2019.09.23-12.49.31:379][  0]LogConfig: Setting CVar [[r.DOF.Gather.RingCount:4                 ; medium number of samples when gathering]]
[2019.09.23-12.49.31:379][  0]LogConfig: Setting CVar [[r.DOF.Scatter.ForegroundCompositing:1    ; additive foreground scattering]]
[2019.09.23-12.49.31:379][  0]LogConfig: Setting CVar [[r.DOF.Scatter.BackgroundCompositing:2    ; additive background scattering]]
[2019.09.23-12.49.31:379][  0]LogConfig: Setting CVar [[r.DOF.Scatter.EnableBokehSettings:1      ; bokeh simulation when scattering]]
[2019.09.23-12.49.31:379][  0]LogConfig: Setting CVar [[r.DOF.Scatter.MaxSpriteRatio:0.1         ; only a maximum of 10% of scattered bokeh]]
[2019.09.23-12.49.31:379][  0]LogConfig: Setting CVar [[r.DOF.Recombine.Quality:1                ; cheap slight out of focus]]
[2019.09.23-12.49.31:379][  0]LogConfig: Setting CVar [[r.DOF.Recombine.EnableBokehSettings:0    ; no bokeh simulation on slight out of focus]]
[2019.09.23-12.49.31:379][  0]LogConfig: Setting CVar [[r.DOF.TemporalAAQuality:1                ; more stable temporal accumulation]]
[2019.09.23-12.49.31:379][  0]LogConfig: Setting CVar [[r.DOF.Kernel.MaxForegroundRadius:0.025]]
[2019.09.23-12.49.31:379][  0]LogConfig: Setting CVar [[r.DOF.Kernel.MaxBackgroundRadius:0.025]]
[2019.09.23-12.49.31:379][  0]LogConfig: Applying CVar settings from Section [TextureQuality@3] File [E:/Github/cga/Cga/Saved/Config/Windows/Scalability.ini]
[2019.09.23-12.49.31:379][  0]LogConfig: Setting CVar [[r.Streaming.MipBias:0]]
[2019.09.23-12.49.31:379][  0]LogConfig: Setting CVar [[r.Streaming.AmortizeCPUToGPUCopy:0]]
[2019.09.23-12.49.31:379][  0]LogConfig: Setting CVar [[r.Streaming.MaxNumTexturesToStreamPerFrame:0]]
[2019.09.23-12.49.31:379][  0]LogConfig: Setting CVar [[r.Streaming.Boost:1]]
[2019.09.23-12.49.31:379][  0]LogConfig: Setting CVar [[r.MaxAnisotropy:8]]
[2019.09.23-12.49.31:379][  0]LogConfig: Setting CVar [[r.Streaming.LimitPoolSizeToVRAM:0]]
[2019.09.23-12.49.31:379][  0]LogConfig: Setting CVar [[r.Streaming.PoolSize:1000]]
[2019.09.23-12.49.31:379][  0]LogConfig: Setting CVar [[r.Streaming.MaxEffectiveScreenSize:0]]
[2019.09.23-12.49.31:379][  0]LogConfig: Applying CVar settings from Section [EffectsQuality@3] File [E:/Github/cga/Cga/Saved/Config/Windows/Scalability.ini]
[2019.09.23-12.49.31:379][  0]LogConfig: Setting CVar [[r.TranslucencyLightingVolumeDim:64]]
[2019.09.23-12.49.31:379][  0]LogConfig: Setting CVar [[r.RefractionQuality:2]]
[2019.09.23-12.49.31:379][  0]LogConfig: Setting CVar [[r.SSR.Quality:3]]
[2019.09.23-12.49.31:379][  0]LogConfig: Setting CVar [[r.SceneColorFormat:4]]
[2019.09.23-12.49.31:379][  0]LogConfig: Setting CVar [[r.DetailMode:2]]
[2019.09.23-12.49.31:379][  0]LogConfig: Setting CVar [[r.TranslucencyVolumeBlur:1]]
[2019.09.23-12.49.31:379][  0]LogConfig: Setting CVar [[r.MaterialQualityLevel:1 ; High quality]]
[2019.09.23-12.49.31:379][  0]LogConfig: Setting CVar [[r.SSS.Scale:1]]
[2019.09.23-12.49.31:379][  0]LogConfig: Setting CVar [[r.SSS.SampleSet:2]]
[2019.09.23-12.49.31:379][  0]LogConfig: Setting CVar [[r.SSS.Quality:1]]
[2019.09.23-12.49.31:379][  0]LogConfig: Setting CVar [[r.SSS.HalfRes:1]]
[2019.09.23-12.49.31:379][  0]LogConfig: Setting CVar [[r.EmitterSpawnRateScale:1.0]]
[2019.09.23-12.49.31:379][  0]LogConfig: Setting CVar [[r.ParticleLightQuality:2]]
[2019.09.23-12.49.31:379][  0]LogConfig: Applying CVar settings from Section [FoliageQuality@3] File [E:/Github/cga/Cga/Saved/Config/Windows/Scalability.ini]
[2019.09.23-12.49.31:379][  0]LogConfig: Setting CVar [[foliage.DensityScale:1.0]]
[2019.09.23-12.49.31:379][  0]LogConfig: Setting CVar [[grass.DensityScale:1.0]]
[2019.09.23-12.49.31:379][  0]LogConfig: Applying CVar settings from Section [Startup] File [../../../Engine/Config/ConsoleVariables.ini]
[2019.09.23-12.49.31:384][  0]LogConfig: Setting CVar [[net.UseAdaptiveNetUpdateFrequency:0]]
[2019.09.23-12.49.31:384][  0]LogConfig: Setting CVar [[p.chaos.AllowCreatePhysxBodies:1]]
[2019.09.23-12.49.31:384][  0]LogConfig: Applying CVar settings from Section [ConsoleVariables] File [E:/Github/cga/Cga/Saved/Config/Windows/Engine.ini]
[2019.09.23-12.49.31:385][  0]LogInit: Computer: DESKTOP-9FP6RU0
[2019.09.23-12.49.31:385][  0]LogInit: User: Foxx
[2019.09.23-12.49.31:385][  0]LogInit: CPU Page size=4096, Cores=2
[2019.09.23-12.49.31:385][  0]LogInit: High frequency timer resolution =10.000000 MHz
[2019.09.23-12.49.31:385][  0]LogMemory: Memory total: Physical=7.9GB (8GB approx)
[2019.09.23-12.49.31:385][  0]LogMemory: Platform Memory Stats for Windows
[2019.09.23-12.49.31:385][  0]LogMemory: Process Physical Memory: 99.94 MB used, 99.94 MB peak
[2019.09.23-12.49.31:385][  0]LogMemory: Process Virtual Memory: 87.88 MB used, 87.88 MB peak
[2019.09.23-12.49.31:385][  0]LogMemory: Physical Memory: 4369.89 MB used,  3741.89 MB free, 8111.78 MB total
[2019.09.23-12.49.31:385][  0]LogMemory: Virtual Memory: 4639.43 MB used,  134213088.00 MB free, 134217728.00 MB total
[2019.09.23-12.49.31:388][  0]LogWindows: WindowsPlatformFeatures enabled
[2019.09.23-12.49.31:417][  0]LogInit: Using OS detected language (en-US).
[2019.09.23-12.49.31:417][  0]LogInit: Using OS detected locale (en-US).
[2019.09.23-12.49.31:418][  0]LogTextLocalizationManager: No specific localization for 'en-US' exists, so the 'en' localization will be used.
[2019.09.23-12.49.31:721][  0]LogInit: Setting process to per monitor DPI aware
[2019.09.23-12.49.31:791][  0]LogSlate: New Slate User Created.  User Index 0, Is Virtual User: 0
[2019.09.23-12.49.31:791][  0]LogSlate: Slate User Registered.  User Index 0, Is Virtual User: 0
[2019.09.23-12.49.34:118][  0]LogHMD: Failed to initialize OpenVR with code 110
[2019.09.23-12.49.34:118][  0]LogD3D11RHI: D3D11 adapters:
[2019.09.23-12.49.34:166][  0]LogD3D11RHI:    0. 'NVIDIA GeForce GTX 750' (Feature Level 11_0)
[2019.09.23-12.49.34:166][  0]LogD3D11RHI:       994/0/4055 MB DedicatedVideo/DedicatedSystem/SharedSystem, Outputs:1, VendorId:0x10de
[2019.09.23-12.49.34:169][  0]LogD3D11RHI:    1. 'Microsoft Basic Render Driver' (Feature Level 11_0)
[2019.09.23-12.49.34:169][  0]LogD3D11RHI:       0/0/4055 MB DedicatedVideo/DedicatedSystem/SharedSystem, Outputs:0, VendorId:0x1414
[2019.09.23-12.49.34:169][  0]LogD3D11RHI: Chosen D3D11 Adapter: 0
[2019.09.23-12.49.34:175][  0]LogD3D11RHI: Creating new Direct3DDevice
[2019.09.23-12.49.34:175][  0]LogD3D11RHI:     GPU DeviceId: 0x1381 (for the marketing name, search the web for "GPU Device Id")
[2019.09.23-12.49.34:175][  0]LogWindows: EnumDisplayDevices:
[2019.09.23-12.49.34:175][  0]LogWindows:    0. 'NVIDIA GeForce GTX 750' (P:1 D:1)
[2019.09.23-12.49.34:175][  0]LogWindows:    1. 'NVIDIA GeForce GTX 750' (P:0 D:0)
[2019.09.23-12.49.34:176][  0]LogWindows:    2. 'NVIDIA GeForce GTX 750' (P:0 D:0)
[2019.09.23-12.49.34:176][  0]LogWindows: DebugString: FoundDriverCount:3 
[2019.09.23-12.49.34:176][  0]LogD3D11RHI:     Adapter Name: NVIDIA GeForce GTX 750
[2019.09.23-12.49.34:176][  0]LogD3D11RHI:   Driver Version: 388.13 (internal:23.21.13.8813, unified:388.13)
[2019.09.23-12.49.34:176][  0]LogD3D11RHI:      Driver Date: 10-27-2017
[2019.09.23-12.49.34:176][  0]LogRHI: Texture pool is 696 MB (70% of 994 MB)
[2019.09.23-12.49.34:208][  0]LogD3D11RHI: Async texture creation enabled
[2019.09.23-12.49.34:220][  0]LogD3D11RHI: GPU Timing Frequency: 1000.000000 (Debug: 2 1)
[2019.09.23-12.49.34:691][  0]LogTemp: Display: Module 'AllDesktopTargetPlatform' loaded TargetPlatform 'AllDesktop'
[2019.09.23-12.49.34:700][  0]LogTemp: Display: Module 'MacClientTargetPlatform' loaded TargetPlatform 'MacClient'
[2019.09.23-12.49.34:710][  0]LogTemp: Display: Module 'MacNoEditorTargetPlatform' loaded TargetPlatform 'MacNoEditor'
[2019.09.23-12.49.34:719][  0]LogTemp: Display: Module 'MacServerTargetPlatform' loaded TargetPlatform 'MacServer'
[2019.09.23-12.49.34:734][  0]LogTemp: Display: Module 'MacTargetPlatform' loaded TargetPlatform 'Mac'
[2019.09.23-12.49.34:743][  0]LogTemp: Display: Module 'WindowsClientTargetPlatform' loaded TargetPlatform 'WindowsClient'
[2019.09.23-12.49.34:753][  0]LogTemp: Display: Module 'WindowsNoEditorTargetPlatform' loaded TargetPlatform 'WindowsNoEditor'
[2019.09.23-12.49.34:763][  0]LogTemp: Display: Module 'WindowsServerTargetPlatform' loaded TargetPlatform 'WindowsServer'
[2019.09.23-12.49.34:768][  0]LogTemp: Display: Module 'WindowsTargetPlatform' loaded TargetPlatform 'Windows'
[2019.09.23-12.49.34:807][  0]LogTemp: Display: Module 'AndroidTargetPlatform' loaded TargetPlatform 'Android'
[2019.09.23-12.49.34:807][  0]LogTemp: Display: Module 'AndroidTargetPlatform' loaded TargetPlatform 'Android_ASTC'
[2019.09.23-12.49.34:807][  0]LogTemp: Display: Module 'AndroidTargetPlatform' loaded TargetPlatform 'Android_ATC'
[2019.09.23-12.49.34:807][  0]LogTemp: Display: Module 'AndroidTargetPlatform' loaded TargetPlatform 'Android_DXT'
[2019.09.23-12.49.34:807][  0]LogTemp: Display: Module 'AndroidTargetPlatform' loaded TargetPlatform 'Android_ETC1'
[2019.09.23-12.49.34:807][  0]LogTemp: Display: Module 'AndroidTargetPlatform' loaded TargetPlatform 'Android_ETC1a'
[2019.09.23-12.49.34:807][  0]LogTemp: Display: Module 'AndroidTargetPlatform' loaded TargetPlatform 'Android_ETC2'
[2019.09.23-12.49.34:807][  0]LogTemp: Display: Module 'AndroidTargetPlatform' loaded TargetPlatform 'Android_PVRTC'
[2019.09.23-12.49.34:807][  0]LogTemp: Display: Module 'AndroidTargetPlatform' loaded TargetPlatform 'AndroidClient'
[2019.09.23-12.49.34:807][  0]LogTemp: Display: Module 'AndroidTargetPlatform' loaded TargetPlatform 'Android_ASTCClient'
[2019.09.23-12.49.34:807][  0]LogTemp: Display: Module 'AndroidTargetPlatform' loaded TargetPlatform 'Android_ATCClient'
[2019.09.23-12.49.34:807][  0]LogTemp: Display: Module 'AndroidTargetPlatform' loaded TargetPlatform 'Android_DXTClient'
[2019.09.23-12.49.34:807][  0]LogTemp: Display: Module 'AndroidTargetPlatform' loaded TargetPlatform 'Android_ETC1Client'
[2019.09.23-12.49.34:807][  0]LogTemp: Display: Module 'AndroidTargetPlatform' loaded TargetPlatform 'Android_ETC1aClient'
[2019.09.23-12.49.34:807][  0]LogTemp: Display: Module 'AndroidTargetPlatform' loaded TargetPlatform 'Android_ETC2Client'
[2019.09.23-12.49.34:807][  0]LogTemp: Display: Module 'AndroidTargetPlatform' loaded TargetPlatform 'Android_PVRTCClient'
[2019.09.23-12.49.34:807][  0]LogTemp: Display: Module 'AndroidTargetPlatform' loaded TargetPlatform 'Android_Multi'
[2019.09.23-12.49.34:807][  0]LogTemp: Display: Module 'AndroidTargetPlatform' loaded TargetPlatform 'Android_MultiClient'
[2019.09.23-12.49.34:810][  0]LogTemp: Display: Module 'HTML5TargetPlatform' loaded TargetPlatform 'HTML5'
[2019.09.23-12.49.34:837][  0]LogTemp: Display: Module 'IOSTargetPlatform' loaded TargetPlatform 'IOSClient'
[2019.09.23-12.49.34:837][  0]LogTemp: Display: Module 'IOSTargetPlatform' loaded TargetPlatform 'IOS'
[2019.09.23-12.49.34:851][  0]LogTemp: Display: Module 'TVOSTargetPlatform' loaded TargetPlatform 'TVOSClient'
[2019.09.23-12.49.34:851][  0]LogTemp: Display: Module 'TVOSTargetPlatform' loaded TargetPlatform 'TVOS'
[2019.09.23-12.49.34:860][  0]LogTemp: Display: Module 'LinuxClientTargetPlatform' loaded TargetPlatform 'LinuxClient'
[2019.09.23-12.49.34:867][  0]LogTemp: Display: Module 'LinuxNoEditorTargetPlatform' loaded TargetPlatform 'LinuxNoEditor'
[2019.09.23-12.49.34:875][  0]LogTemp: Display: Module 'LinuxServerTargetPlatform' loaded TargetPlatform 'LinuxServer'
[2019.09.23-12.49.34:892][  0]LogTemp: Display: Module 'LinuxTargetPlatform' loaded TargetPlatform 'Linux'
[2019.09.23-12.49.34:922][  0]LogTemp: Display: Module 'LuminTargetPlatform' loaded TargetPlatform 'Lumin'
[2019.09.23-12.49.34:922][  0]LogTemp: Display: Module 'LuminTargetPlatform' loaded TargetPlatform 'LuminClient'
[2019.09.23-12.49.34:922][  0]LogTargetPlatformManager: Display: Building Assets For Windows
[2019.09.23-12.49.34:934][  0]LogAudioDebug: Display: Lib vorbis DLL was dynamically loaded.
[2019.09.23-12.49.35:000][  0]LogShaderCompilers: Guid format shader working directory is 27 characters bigger than the processId version (E:/Github/cga/Cga/Intermediate/Shaders/WorkingDirectory/13332/).
[2019.09.23-12.49.35:000][  0]LogShaderCompilers: Cleaned the shader compiler working directory 'C:/Users/Foxx/AppData/Local/Temp/UnrealShaderWorkingDir/F61533864761644EDE67BEBCF52E9302/'.
[2019.09.23-12.49.35:003][  0]LogXGEController: Cleaning working directory: C:/Users/Foxx/AppData/Local/Temp/UnrealXGEWorkingDir/
[2019.09.23-12.49.35:003][  0]LogXGEController: Cannot use XGE Controller as Incredibuild is not installed on this machine.
[2019.09.23-12.49.35:003][  0]LogShaderCompilers: Cannot use XGE Shader Compiler as Incredibuild is not installed on this machine.
[2019.09.23-12.49.35:003][  0]LogShaderCompilers: Display: Using Local Shader Compiler.
[2019.09.23-12.49.37:374][  0]LogDerivedDataCache: Display: Max Cache Size: 512 MB
[2019.09.23-12.49.37:618][  0]LogDerivedDataCache: Loaded boot cache 0.24s 73MB C:/Users/Foxx/AppData/Local/UnrealEngine/4.23/DerivedDataCache/Boot.ddc.
[2019.09.23-12.49.37:618][  0]LogDerivedDataCache: Display: Loaded Boot cache: C:/Users/Foxx/AppData/Local/UnrealEngine/4.23/DerivedDataCache/Boot.ddc
[2019.09.23-12.49.37:618][  0]LogDerivedDataCache: FDerivedDataBackendGraph:  Pak pak cache file E:/Github/cga/Cga/DerivedDataCache/DDC.ddp not found, will not use a pak cache.
[2019.09.23-12.49.37:618][  0]LogDerivedDataCache: Unable to find inner node Pak for hierarchical cache Hierarchy.
[2019.09.23-12.49.37:618][  0]LogDerivedDataCache: FDerivedDataBackendGraph:  CompressedPak pak cache file E:/Github/cga/Cga/DerivedDataCache/Compressed.ddp not found, will not use a pak cache.
[2019.09.23-12.49.37:618][  0]LogDerivedDataCache: Unable to find inner node CompressedPak for hierarchical cache Hierarchy.
[2019.09.23-12.49.37:638][  0]LogDerivedDataCache: Display: Pak cache opened for reading ../../../Engine/DerivedDataCache/Compressed.ddp.
[2019.09.23-12.49.37:639][  0]LogDerivedDataCache: FDerivedDataBackendGraph:  EnterprisePak pak cache file ../../../Enterprise/DerivedDataCache/Compressed.ddp not found, will not use a pak cache.
[2019.09.23-12.49.37:639][  0]LogDerivedDataCache: Unable to find inner node EnterprisePak for hierarchical cache Hierarchy.
[2019.09.23-12.49.37:640][  0]LogDerivedDataCache: Using Local data cache path C:/Users/Foxx/AppData/Local/UnrealEngine/Common/DerivedDataCache: Writable
[2019.09.23-12.49.37:640][  0]LogDerivedDataCache: Shared data cache path not found in *engine.ini, will not use an Shared cache.
[2019.09.23-12.49.37:640][  0]LogDerivedDataCache: Unable to find inner node Shared for hierarchical cache Hierarchy.
[2019.09.23-12.49.37:662][  0]LogMaterial: Verifying Global Shaders for PCD3D_SM5
[2019.09.23-12.49.37:664][  0]LogSlate: Using FreeType 2.6.0
[2019.09.23-12.49.37:682][  0]LogSlate: SlateFontServices - WITH_FREETYPE: 1, WITH_HARFBUZZ: 1
[2019.09.23-12.49.37:935][  0]LogAssetRegistry: FAssetRegistry took 0.0026 seconds to start up
[2019.09.23-12.49.38:227][  0]LogInit: Selected Device Profile: [Windows]
[2019.09.23-12.49.38:486][  0]LogMeshReduction: Using QuadricMeshReduction for automatic static mesh reduction
[2019.09.23-12.49.38:486][  0]LogMeshReduction: Using SimplygonMeshReduction for automatic skeletal mesh reduction
[2019.09.23-12.49.38:486][  0]LogMeshReduction: Using ProxyLODMeshReduction for automatic mesh merging
[2019.09.23-12.49.38:486][  0]LogMeshReduction: No distributed automatic mesh merging module available
[2019.09.23-12.49.38:486][  0]LogMeshMerging: No distributed automatic mesh merging module available
[2019.09.23-12.49.38:521][  0]LogNetVersion: Cga 1.0.0, NetCL: 8386587, EngineNetVer: 11, GameNetVer: 0 (Checksum: 1427028438)
[2019.09.23-12.49.39:549][  0]LogPackageLocalizationCache: Processed 12 localized package path(s) for 1 prioritized culture(s) in 0.059926 seconds
[2019.09.23-12.49.39:557][  0]LogUObjectArray: 43444 objects as part of root set at end of initial load.
[2019.09.23-12.49.39:557][  0]LogUObjectAllocator: 7548648 out of 0 bytes used by permanent object pool.
[2019.09.23-12.49.39:557][  0]LogUObjectArray: CloseDisregardForGC: 0/0 objects in disregard for GC pool
[2019.09.23-12.49.42:606][  0]LogTcpMessaging: Initializing TcpMessaging bridge
[2019.09.23-12.49.42:610][  0]LogUdpMessaging: Initializing bridge on interface 0.0.0.0:0 to multicast group 230.0.0.1:6666.
[2019.09.23-12.49.42:683][  0]SourceControl: Source control is disabled
[2019.09.23-12.49.42:683][  0]SourceControl: Source control is disabled
[2019.09.23-12.49.42:686][  0]SourceControl: Source control is disabled
[2019.09.23-12.49.42:687][  0]SourceControl: Source control is disabled
[2019.09.23-12.49.42:818][  0]LogAndroidPermission: UAndroidPermissionCallbackProxy::GetInstance
[2019.09.23-12.49.43:029][  0]LogOcInput: OculusInput pre-init called
[2019.09.23-12.49.43:038][  0]LogWindows: Failed to load 'OVRPlugin.dll' (GetLastError=126)
[2019.09.23-12.49.43:038][  0]LogWindows: File 'OVRPlugin.dll' does not exist
[2019.09.23-12.49.43:144][  0]LogEngine: Initializing Engine...
[2019.09.23-12.49.43:145][  0]LogHMD: Failed to initialize OpenVR with code 110
[2019.09.23-12.49.43:146][  0]LogStats: UGameplayTagsManager::InitializeManager -  0.000 s
[2019.09.23-12.49.43:565][  0]LogInit: Initializing FReadOnlyCVARCache
[2019.09.23-12.49.43:582][  0]LogAIModule: Creating AISystem for world Untitled
[2019.09.23-12.49.43:615][  0]LogInit: XAudio2 using 'Speakers (Sound Blaster Audigy 5/Rx)' : 2 channels at 48 kHz using 16 bits per sample (channel mask 0x3)
[2019.09.23-12.49.43:636][  0]LogInit: FAudioDevice initialized.
[2019.09.23-12.49.43:636][  0]LogNetVersion: Set ProjectVersion to 1.0.0.0. Version Checksum will be recalculated on next use.
[2019.09.23-12.49.43:708][  0]LogDerivedDataCache: Saved boot cache 0.07s 73MB C:/Users/Foxx/AppData/Local/UnrealEngine/4.23/DerivedDataCache/Boot.ddc.
[2019.09.23-12.49.43:718][  0]LogInit: Texture streaming: Enabled
[2019.09.23-12.49.43:740][  0]LogEngineSessionManager: EngineSessionManager initialized
[2019.09.23-12.49.43:799][  0]LogInit: Transaction tracking system initialized
[2019.09.23-12.49.43:844][  0]BlueprintLog: New page: Editor Load
[2019.09.23-12.49.43:945][  0]LocalizationService: Localization service is disabled
[2019.09.23-12.49.44:546][  0]LogAutoReimportManager: Warning: Unable to watch directory E:/Github/cga/Cga/Content/ as it will conflict with another watching E:/Github/cga/Cga/Content/.
[2019.09.23-12.49.44:562][  0]LogFileCache: Scanning file cache for directory 'E:/Github/cga/Cga/Content/' took 0.01s
[2019.09.23-12.49.44:562][  0]LogCook: Display: Max memory allowance for cook 16384mb min free memory 0mb
[2019.09.23-12.49.44:562][  0]LogCook: Display: Mobile HDR setting 1
[2019.09.23-12.49.44:940][  0]SourceControl: Source control is disabled
[2019.09.23-12.49.44:941][  0]Cmd: MAP LOAD FILE="../../../Engine/Content/Maps/Templates/Template_Default.umap" TEMPLATE=1 SHOWPROGRESS=1 FEATURELEVEL=3
[2019.09.23-12.49.44:946][  0]LightingResults: New page: Lighting Build
[2019.09.23-12.49.44:950][  0]LogWorld: UWorld::CleanupWorld for Untitled, bSessionEnded=true, bCleanupResources=true
[2019.09.23-12.49.44:950][  0]MapCheck: New page: Map Check
[2019.09.23-12.49.44:950][  0]LightingResults: New page: Lighting Build
[2019.09.23-12.49.44:972][  0]LogUObjectHash: Compacting FUObjectHashTables data took   2.27ms
[2019.09.23-12.49.45:097][  0]LogAIModule: Creating AISystem for world Untitled_1
[2019.09.23-12.49.45:108][  0]LogEditorServer: Finished looking for orphan Actors (0.000 secs)
[2019.09.23-12.49.45:134][  0]LogUObjectHash: Compacting FUObjectHashTables data took   3.02ms
[2019.09.23-12.49.45:134][  0]Cmd: MAP CHECKDEP NOCLEARLOG
[2019.09.23-12.49.45:134][  0]MapCheck: Map check complete: 0 Error(s), 0 Warning(s), took 0.134ms to complete.
[2019.09.23-12.49.45:134][  0]LogFileHelpers: Loading map 'Template_Default' took 0.194
[2019.09.23-12.49.45:362][  0]LogSlate: Updating window title bar state: overlay mode, drag disabled, window buttons hidden, title bar hidden
[2019.09.23-12.49.45:373][  0]LogSlate: Updating window title bar state: overlay mode, drag disabled, window buttons hidden, title bar hidden
[2019.09.23-12.49.45:384][  0]LogSlate: Updating window title bar state: overlay mode, drag disabled, window buttons hidden, title bar hidden
[2019.09.23-12.49.45:396][  0]LogSlate: Updating window title bar state: overlay mode, drag disabled, window buttons hidden, title bar hidden
[2019.09.23-12.49.45:412][  0]LogCollectionManager: Loaded 0 collections in 0.002762 seconds
[2019.09.23-12.49.45:420][  0]LogFileCache: Scanning file cache for directory 'E:/Github/cga/Cga/Saved/Collections/' took 0.00s
[2019.09.23-12.49.45:420][  0]LogFileCache: Scanning file cache for directory 'E:/Github/cga/Cga/Content/Developers/Foxx/Collections/' took 0.00s
[2019.09.23-12.49.45:420][  0]LogFileCache: Scanning file cache for directory 'E:/Github/cga/Cga/Content/Collections/' took 0.00s
[2019.09.23-12.49.45:420][  0]LogCollectionManager: Rebuilt the GUID cache for 0 collections in 0.000002 seconds
[2019.09.23-12.49.45:433][  0]LogContentBrowser: Native class hierarchy populated in 0.0124 seconds. Added 2863 classes and 680 folders.
[2019.09.23-12.49.45:443][  0]LogContentBrowser: Native class hierarchy updated for 'WidgetCarousel' in 0.0002 seconds. Added 0 classes and 0 folders.
[2019.09.23-12.49.45:741][  0]LogContentBrowser: Native class hierarchy updated for 'AddContentDialog' in 0.0002 seconds. Added 0 classes and 0 folders.
[2019.09.23-12.49.45:803][  0]LogContentBrowser: Native class hierarchy updated for 'SceneOutliner' in 0.0002 seconds. Added 1 classes and 2 folders.
[2019.09.23-12.49.47:000][  0]LogSlate: Only BGRA pngs, bmps or icos are supported in by External Image Picker
[2019.09.23-12.49.47:040][  0]LogSlate: Took 0.007380 seconds to synchronously load lazily loaded font '../../../Engine/Content/Slate/Fonts/Roboto-Bold.ttf' (160K)
[2019.09.23-12.49.47:047][  0]LogSlate: Took 0.005982 seconds to synchronously load lazily loaded font '../../../Engine/Content/Slate/Fonts/Roboto-Regular.ttf' (155K)
[2019.09.23-12.49.47:056][  0]LogContentBrowser: Native class hierarchy updated for 'HierarchicalLODOutliner' in 0.0002 seconds. Added 0 classes and 0 folders.
[2019.09.23-12.49.47:057][  0]LogLoad: (Engine Initialization) Total time: 18.92 seconds
[2019.09.23-12.49.47:057][  0]LogLoad: (Engine Initialization) Total Blueprint compile time: 0.00 seconds
[2019.09.23-12.49.47:391][  0]LogRenderer: Reallocating scene render targets to support 64x64 Format 10 NumSamples 1 (Frame:1).
[2019.09.23-12.49.47:391][  0]LogContentStreaming: Texture pool size now 1000 MB
[2019.09.23-12.49.47:400][  0]LogSlate: Took 0.005991 seconds to synchronously load lazily loaded font '../../../Engine/Content/Editor/Slate/Fonts/FontAwesome.ttf' (139K)
[2019.09.23-12.49.47:512][  1]LogRenderer: Reallocating scene render targets to support 900x320 Format 10 NumSamples 1 (Frame:1).
[2019.09.23-12.49.48:197][ 11]LogAssetRegistry: Asset discovery search completed in 10.2635 seconds
[2019.09.23-12.49.48:201][ 11]LogCollectionManager: Rebuilt the object cache for 0 collections in 0.000004 seconds (found 0 objects)
[2019.09.23-12.49.48:201][ 11]LogCollectionManager: Fixed up redirectors for 0 collections in 0.000059 seconds (updated 0 objects)
[2019.09.23-12.49.48:217][ 11]LogSlate: Took 0.006671 seconds to synchronously load lazily loaded font '../../../Engine/Content/Slate/Fonts/Roboto-Light.ttf' (167K)
[2019.09.23-12.49.50:488][ 18]LogSlate: FSceneViewport::OnFocusLost() reason 0
[2019.09.23-12.49.51:480][123]LogSlate: Took 0.000171 seconds to synchronously load lazily loaded font '../../../Engine/Content/Slate/Fonts/Roboto-Light.ttf' (167K)
[2019.09.23-12.49.52:861][274]LogAssetEditorManager: Opening Asset editor for Blueprint /Game/Blueprints/BP_PlayerController.BP_PlayerController
[2019.09.23-12.49.53:213][274]LogContentBrowser: Native class hierarchy updated for 'BlueprintGraph' in 0.0005 seconds. Added 121 classes and 0 folders.
[2019.09.23-12.49.54:140][274]LogAssetEditorManager: Opening Asset editor for Blueprint /Game/Blueprints/BP_Pawn.BP_Pawn
[2019.09.23-12.49.54:506][274]LogAssetEditorManager: Opening Asset editor for Blueprint /Game/Blueprints/BP_Gamemode.BP_Gamemode
[2019.09.23-12.49.54:852][274]LogAssetEditorManager: Opening Asset editor for Blueprint /Game/Blueprints/BP_Actor.BP_Actor
[2019.09.23-12.49.55:208][274]LogAssetEditorManager: Opening Asset editor for Blueprint /Game/Blueprints/BPI_ActorChild.BPI_ActorChild
[2019.09.23-12.49.58:415][576]LogSlate: Took 0.006725 seconds to synchronously load lazily loaded font '../../../Engine/Content/Slate/Fonts/Roboto-BoldCondensed.ttf' (158K)
[2019.09.23-12.49.58:466][577]LogSlate: Took 0.005301 seconds to synchronously load lazily loaded font '../../../Engine/Content/Slate/Fonts/Roboto-Italic.ttf' (157K)
[2019.09.23-12.50.00:493][797]LogWorld: UWorld::CleanupWorld for World_5, bSessionEnded=true, bCleanupResources=true
[2019.09.23-12.50.04:699][246]LogActorComponent: UnregisterComponent: (/Engine/Transient.EditorFloorComp) Not registered. Aborting.
[2019.09.23-12.50.04:699][246]LogWorld: UWorld::CleanupWorld for World_3, bSessionEnded=true, bCleanupResources=true
[2019.09.23-12.50.21:372][861]LogRenderer: Reallocating scene render targets to support 900x376 Format 10 NumSamples 1 (Frame:2651).
[2019.09.23-12.50.27:844][402]LogSlate: Window 'Project Settings' being destroyed
[2019.09.23-12.50.27:849][402]LogSlate: Window 'Project Settings' being destroyed
[2019.09.23-12.51.14:147][318]LogAssetEditorManager: Opening Asset editor for Blueprint /Game/Blueprints/BP_Gamemode.BP_Gamemode
[2019.09.23-12.51.30:490][125]LogSlate: Window 'BP_Gamemode' being destroyed
[2019.09.23-12.51.30:494][125]LogSlate: Window 'BP_Gamemode' being destroyed
[2019.09.23-12.51.30:518][125]LogWorld: UWorld::CleanupWorld for World_1, bSessionEnded=true, bCleanupResources=true
[2019.09.23-12.51.30:581][125]LogActorComponent: UnregisterComponent: (/Engine/Transient.EditorFloorComp) Not registered. Aborting.
[2019.09.23-12.51.30:581][125]LogWorld: UWorld::CleanupWorld for World_2, bSessionEnded=true, bCleanupResources=true
[2019.09.23-12.51.30:630][125]LogActorComponent: UnregisterComponent: (/Engine/Transient.EditorFloorComp) Not registered. Aborting.
[2019.09.23-12.51.30:630][125]LogWorld: UWorld::CleanupWorld for World_4, bSessionEnded=true, bCleanupResources=true
[2019.09.23-12.51.30:679][125]LogActorComponent: UnregisterComponent: (/Engine/Transient.EditorFloorComp) Not registered. Aborting.
[2019.09.23-12.51.30:679][125]LogWorld: UWorld::CleanupWorld for World_8, bSessionEnded=true, bCleanupResources=true
[2019.09.23-12.51.33:151][396]LogRenderer: Reallocating scene render targets to support 1084x388 Format 10 NumSamples 1 (Frame:6269).
[2019.09.23-12.51.34:291][483]LogAssetEditorManager: Opening Asset editor for Blueprint /Game/Blueprints/BP_Gamemode.BP_Gamemode
[2019.09.23-12.51.44:884][696]LogSlate: Window 'BP_Gamemode' being destroyed
[2019.09.23-12.51.44:888][696]LogSlate: Window 'BP_Gamemode' being destroyed
[2019.09.23-12.51.44:889][696]LogWorld: UWorld::CleanupWorld for World_9, bSessionEnded=true, bCleanupResources=true
[2019.09.23-12.51.46:052][822]LogUObjectHash: Compacting FUObjectHashTables data took   4.13ms
[2019.09.23-12.51.46:119][822]LogSlate: Window 'Cga - Unreal Editor' being destroyed
[2019.09.23-12.51.46:120][822]LogWindowsTextInputMethodSystem: Display: IME system now deactivated.
[2019.09.23-12.51.46:231][823]Cmd: QUIT_EDITOR
[2019.09.23-12.51.46:258][823]LogExit: Preparing to exit.
[2019.09.23-12.51.46:739][823]LogWorld: UWorld::CleanupWorld for World_6, bSessionEnded=true, bCleanupResources=true
[2019.09.23-12.51.46:744][823]LogWorld: UWorld::CleanupWorld for World_7, bSessionEnded=true, bCleanupResources=true
[2019.09.23-12.51.46:749][823]LogWorld: UWorld::CleanupWorld for World_0, bSessionEnded=true, bCleanupResources=true
[2019.09.23-12.51.46:790][823]LogDemo: Cleaned up 0 splitscreen connections with owner deletion
[2019.09.23-12.51.46:803][823]LogWorld: UWorld::CleanupWorld for None, bSessionEnded=true, bCleanupResources=true
[2019.09.23-12.51.46:803][823]LogExit: Editor shut down
[2019.09.23-12.51.46:803][823]LogExit: Transaction tracking system shut down
[2019.09.23-12.51.47:073][823]LogExit: Object subsystem successfully closed.
[2019.09.23-12.51.47:090][823]LogShaderCompilers: Display: Shaders left to compile 0
[2019.09.23-12.51.47:114][823]LogModuleManager: Shutting down and abandoning module BlueprintGraph (674)
[2019.09.23-12.51.47:114][823]LogModuleManager: Shutting down and abandoning module HierarchicalLODOutliner (672)
[2019.09.23-12.51.47:114][823]LogModuleManager: Shutting down and abandoning module ExternalImagePicker (670)
[2019.09.23-12.51.47:115][823]LogModuleManager: Shutting down and abandoning module SceneOutliner (668)
[2019.09.23-12.51.47:115][823]LogModuleManager: Shutting down and abandoning module AddContentDialog (666)
[2019.09.23-12.51.47:115][823]LogModuleManager: Shutting down and abandoning module WidgetCarousel (665)
[2019.09.23-12.51.47:115][823]LogModuleManager: Shutting down and abandoning module EditorWidgets (662)
[2019.09.23-12.51.47:115][823]LogModuleManager: Shutting down and abandoning module CollectionManager (660)
[2019.09.23-12.51.47:115][823]LogModuleManager: Shutting down and abandoning module HierarchicalLODUtilities (658)
[2019.09.23-12.51.47:115][823]LogModuleManager: Shutting down and abandoning module StatsViewer (656)
[2019.09.23-12.51.47:115][823]LogModuleManager: Shutting down and abandoning module VirtualTexturingEditor (654)
[2019.09.23-12.51.47:115][823]LogModuleManager: Shutting down and abandoning module FoliageEdit (652)
[2019.09.23-12.51.47:115][823]LogModuleManager: Shutting down and abandoning module LandscapeEditor (650)
[2019.09.23-12.51.47:115][823]LogModuleManager: Shutting down and abandoning module MeshPaintMode (648)
[2019.09.23-12.51.47:115][823]LogModuleManager: Shutting down and abandoning module SceneDepthPickerMode (646)
[2019.09.23-12.51.47:115][823]LogModuleManager: Shutting down and abandoning module ActorPickerMode (644)
[2019.09.23-12.51.47:115][823]LogModuleManager: Shutting down and abandoning module GeometryMode (642)
[2019.09.23-12.51.47:115][823]LogModuleManager: Shutting down and abandoning module TextureAlignMode (640)
[2019.09.23-12.51.47:115][823]LogModuleManager: Shutting down and abandoning module BspMode (638)
[2019.09.23-12.51.47:115][823]LogModuleManager: Shutting down and abandoning module PIEPreviewDeviceProfileSelector (636)
[2019.09.23-12.51.47:115][823]LogModuleManager: Shutting down and abandoning module SequenceRecorderSections (634)
[2019.09.23-12.51.47:115][823]LogModuleManager: Shutting down and abandoning module AutomationWorker (632)
[2019.09.23-12.51.47:115][823]LogModuleManager: Shutting down and abandoning module OculusMR (630)
[2019.09.23-12.51.47:115][823]LogModuleManager: Shutting down and abandoning module AudioCaptureEditor (628)
[2019.09.23-12.51.47:115][823]LogModuleManager: Shutting down and abandoning module MatineeToLevelSequence (626)
[2019.09.23-12.51.47:115][823]LogModuleManager: Shutting down and abandoning module LevelSequenceEditor (624)
[2019.09.23-12.51.47:116][823]LogModuleManager: Shutting down and abandoning module PlacementMode (623)
[2019.09.23-12.51.47:116][823]LogModuleManager: Shutting down and abandoning module MaterialEditor (622)
[2019.09.23-12.51.47:116][823]LogModuleManager: Shutting down and abandoning module ActorSequenceEditor (618)
[2019.09.23-12.51.47:116][823]LogModuleManager: Shutting down and abandoning module WmfMediaFactory (616)
[2019.09.23-12.51.47:116][823]LogModuleManager: Shutting down and abandoning module WmfMediaEditor (614)
[2019.09.23-12.51.47:116][823]LogModuleManager: Shutting down and abandoning module WebMMediaFactory (612)
[2019.09.23-12.51.47:116][823]LogModuleManager: Shutting down and abandoning module WebMMediaEditor (610)
[2019.09.23-12.51.47:116][823]LogModuleManager: Shutting down and abandoning module WebMMedia (608)
[2019.09.23-12.51.47:116][823]LogModuleManager: Shutting down and abandoning module MediaPlayerEditor (606)
[2019.09.23-12.51.47:116][823]LogModuleManager: Shutting down and abandoning module MediaCompositingEditor (604)
[2019.09.23-12.51.47:116][823]LogModuleManager: Shutting down and abandoning module SequenceRecorder (603)
[2019.09.23-12.51.47:116][823]LogModuleManager: Shutting down and abandoning module OpenExrWrapper (600)
[2019.09.23-12.51.47:116][823]LogModuleManager: Shutting down and abandoning module ImgMediaFactory (598)
[2019.09.23-12.51.47:116][823]LogModuleManager: Shutting down and abandoning module ImgMediaEditor (596)
[2019.09.23-12.51.47:116][823]LogModuleManager: Shutting down and abandoning module AvfMediaFactory (594)
[2019.09.23-12.51.47:116][823]LogModuleManager: Shutting down and abandoning module AvfMediaEditor (592)
[2019.09.23-12.51.47:116][823]LogModuleManager: Shutting down and abandoning module AndroidMediaFactory (590)
[2019.09.23-12.51.47:116][823]LogModuleManager: Shutting down and abandoning module AndroidMediaEditor (588)
[2019.09.23-12.51.47:116][823]LogModuleManager: Shutting down and abandoning module MagicLeapCameraPreviewFactory (586)
[2019.09.23-12.51.47:116][823]LogModuleManager: Shutting down and abandoning module MagicLeapMediaCodecFactory (584)
[2019.09.23-12.51.47:116][823]LogModuleManager: Shutting down and abandoning module MagicLeapMediaFactory (582)
[2019.09.23-12.51.47:116][823]LogModuleManager: Shutting down and abandoning module MagicLeapMediaEditor (580)
[2019.09.23-12.51.47:116][823]LogModuleManager: Shutting down and abandoning module CharacterAI (578)
[2019.09.23-12.51.47:116][823]LogModuleManager: Shutting down and abandoning module SmartSnapping (576)
[2019.09.23-12.51.47:116][823]LogModuleManager: Shutting down and abandoning module SessionServices (574)
[2019.09.23-12.51.47:116][823]LogModuleManager: Shutting down and abandoning module MeshPaint (572)
[2019.09.23-12.51.47:116][823]LogModuleManager: Shutting down and abandoning module ViewportSnapping (570)
[2019.09.23-12.51.47:116][823]LogModuleManager: Shutting down and abandoning module ViewportInteraction (568)
[2019.09.23-12.51.47:116][823]LogModuleManager: Shutting down and abandoning module ClothPainter (566)
[2019.09.23-12.51.47:116][823]LogModuleManager: Shutting down and abandoning module SkeletalMeshEditor (565)
[2019.09.23-12.51.47:116][823]LogModuleManager: Shutting down and abandoning module LogVisualizer (562)
[2019.09.23-12.51.47:116][823]LogModuleManager: Shutting down and abandoning module IntroTutorials (560)
[2019.09.23-12.51.47:116][823]LogModuleManager: Shutting down and abandoning module GameProjectGeneration (559)
[2019.09.23-12.51.47:116][823]LogModuleManager: Shutting down and abandoning module LuminPlatformEditor (556)
[2019.09.23-12.51.47:116][823]LogModuleManager: Shutting down and abandoning module IOSPlatformEditor (554)
[2019.09.23-12.51.47:116][823]LogModuleManager: Shutting down and abandoning module HTML5PlatformEditor (552)
[2019.09.23-12.51.47:116][823]LogModuleManager: Shutting down and abandoning module AndroidPlatformEditor (550)
[2019.09.23-12.51.47:116][823]LogModuleManager: Shutting down and abandoning module AndroidDeviceDetection (549)
[2019.09.23-12.51.48:082][823]LogModuleManager: Shutting down and abandoning module WindowsPlatformEditor (546)
[2019.09.23-12.51.48:082][823]LogModuleManager: Shutting down and abandoning module LuminRuntimeSettings (544)
[2019.09.23-12.51.48:082][823]LogModuleManager: Shutting down and abandoning module IOSRuntimeSettings (542)
[2019.09.23-12.51.48:082][823]LogModuleManager: Shutting down and abandoning module AndroidRuntimeSettings (540)
[2019.09.23-12.51.48:082][823]LogModuleManager: Shutting down and abandoning module TimeManagementEditor (538)
[2019.09.23-12.51.48:082][823]LogModuleManager: Shutting down and abandoning module InputBindingEditor (536)
[2019.09.23-12.51.48:082][823]LogModuleManager: Shutting down and abandoning module MergeActors (534)
[2019.09.23-12.51.48:082][823]LogModuleManager: Shutting down and abandoning module LocalizationDashboard (532)
[2019.09.23-12.51.48:082][823]LogModuleManager: Shutting down and abandoning module LocalizationService (531)
[2019.09.23-12.51.48:082][823]LogModuleManager: Shutting down and abandoning module HardwareTargeting (528)
[2019.09.23-12.51.48:082][823]LogModuleManager: Shutting down and abandoning module DeviceProfileEditor (526)
[2019.09.23-12.51.48:083][823]LogModuleManager: Shutting down and abandoning module UndoHistory (524)
[2019.09.23-12.51.48:083][823]LogModuleManager: Shutting down and abandoning module XmlParser (522)
[2019.09.23-12.51.48:083][823]LogModuleManager: Shutting down and abandoning module Blutility (520)
[2019.09.23-12.51.48:083][823]LogModuleManager: Shutting down and abandoning module ProjectSettingsViewer (518)
[2019.09.23-12.51.48:083][823]LogModuleManager: Shutting down and abandoning module ProjectTargetPlatformEditor (517)
[2019.09.23-12.51.48:083][823]LogModuleManager: Shutting down and abandoning module EditorSettingsViewer (514)
[2019.09.23-12.51.48:083][823]LogModuleManager: Shutting down and abandoning module SettingsEditor (512)
[2019.09.23-12.51.48:083][823]LogModuleManager: Shutting down and abandoning module ProjectLauncher (510)
[2019.09.23-12.51.48:083][823]LogModuleManager: Shutting down and abandoning module SessionFrontend (508)
[2019.09.23-12.51.48:083][823]LogModuleManager: Shutting down and abandoning module ProfilerClient (506)
[2019.09.23-12.51.48:083][823]LogModuleManager: Shutting down and abandoning module DeviceManager (504)
[2019.09.23-12.51.48:083][823]LogModuleManager: Shutting down and abandoning module TargetDeviceServices (503)
[2019.09.23-12.51.48:125][823]LogModuleManager: Shutting down and abandoning module AutomationController (500)
[2019.09.23-12.51.48:125][823]LogModuleManager: Shutting down and abandoning module AutomationWindow (498)
[2019.09.23-12.51.48:125][823]LogModuleManager: Shutting down and abandoning module Layers (496)
[2019.09.23-12.51.48:125][823]LogModuleManager: Shutting down and abandoning module ComponentVisualizers (494)
[2019.09.23-12.51.48:125][823]LogModuleManager: Shutting down and abandoning module DetailCustomizations (492)
[2019.09.23-12.51.48:125][823]LogModuleManager: Shutting down and abandoning module PackagesDialog (490)
[2019.09.23-12.51.48:125][823]LogModuleManager: Shutting down and abandoning module AnimationBlueprintEditor (488)
[2019.09.23-12.51.48:126][823]LogModuleManager: Shutting down and abandoning module Persona (486)
[2019.09.23-12.51.48:126][823]LogModuleManager: Shutting down and abandoning module AdvancedPreviewScene (485)
[2019.09.23-12.51.48:126][823]LogModuleManager: Shutting down and abandoning module AnimGraph (483)
[2019.09.23-12.51.48:126][823]LogModuleManager: Shutting down and abandoning module Kismet (480)
[2019.09.23-12.51.48:140][823]LogModuleManager: Shutting down and abandoning module KismetWidgets (479)
[2019.09.23-12.51.48:141][823]LogModuleManager: Shutting down and abandoning module GraphEditor (476)
[2019.09.23-12.51.48:141][823]LogModuleManager: Shutting down and abandoning module StructViewer (474)
[2019.09.23-12.51.48:141][823]LogModuleManager: Shutting down and abandoning module ClassViewer (472)
[2019.09.23-12.51.48:141][823]LogModuleManager: Shutting down and abandoning module Toolbox (470)
[2019.09.23-12.51.48:141][823]LogModuleManager: Shutting down and abandoning module ModuleUI (468)
[2019.09.23-12.51.48:141][823]LogModuleManager: Shutting down and abandoning module MovieSceneTools (466)
[2019.09.23-12.51.48:142][823]LogModuleManager: Shutting down and abandoning module OutputLog (464)
[2019.09.23-12.51.48:142][823]LogModuleManager: Shutting down and abandoning module GammaUI (462)
[2019.09.23-12.51.48:142][823]LogModuleManager: Shutting down and abandoning module Documentation (460)
[2019.09.23-12.51.48:142][823]LogModuleManager: Shutting down and abandoning module LiveCoding (458)
[2019.09.23-12.51.48:143][823]LogModuleManager: Shutting down and abandoning module LevelSequence (456)
[2019.09.23-12.51.48:143][823]LogModuleManager: Shutting down and abandoning module MovieSceneTracks (454)
[2019.09.23-12.51.48:143][823]LogModuleManager: Shutting down and abandoning module MovieScene (452)
[2019.09.23-12.51.48:143][823]LogModuleManager: Shutting down and abandoning module StreamingPauseRendering (450)
[2019.09.23-12.51.48:143][823]LogModuleManager: Shutting down and abandoning module LauncherPlatform (448)
[2019.09.23-12.51.48:143][823]LogModuleManager: Shutting down and abandoning module AnalyticsET (446)
[2019.09.23-12.51.48:143][823]LogModuleManager: Shutting down and abandoning module PortalServices (444)
[2019.09.23-12.51.48:143][823]LogModuleManager: Shutting down and abandoning module PortalRpc (442)
[2019.09.23-12.51.48:143][823]LogModuleManager: Shutting down and abandoning module MessagingRpc (440)
[2019.09.23-12.51.48:144][823]LogModuleManager: Shutting down and abandoning module AIModule (438)
[2019.09.23-12.51.48:144][823]LogModuleManager: Shutting down and abandoning module GameplayDebugger (437)
[2019.09.23-12.51.48:144][823]LogModuleManager: Shutting down and abandoning module AITestSuite (435)
[2019.09.23-12.51.48:144][823]LogModuleManager: Shutting down and abandoning module NavigationSystem (433)
[2019.09.23-12.51.48:144][823]LogModuleManager: Shutting down and abandoning module DesktopPlatform (430)
[2019.09.23-12.51.48:144][823]LogModuleManager: Shutting down and abandoning module ImageWriteQueue (428)
[2019.09.23-12.51.48:154][823]LogModuleManager: Shutting down and abandoning module ProfilerService (426)
[2019.09.23-12.51.48:395][823]LogModuleManager: Shutting down and abandoning module TaskGraph (424)
[2019.09.23-12.51.48:395][823]LogModuleManager: Shutting down and abandoning module ScreenshotTools (422)
[2019.09.23-12.51.48:395][823]LogModuleManager: Shutting down and abandoning module SteamVRController (420)
[2019.09.23-12.51.48:395][823]LogModuleManager: Shutting down and abandoning module ProceduralMeshComponentEditor (418)
[2019.09.23-12.51.48:395][823]LogModuleManager: Shutting down and abandoning module ProceduralMeshComponent (416)
[2019.09.23-12.51.48:395][823]LogModuleManager: Shutting down and abandoning module OculusEditor (414)
[2019.09.23-12.51.48:395][823]LogModuleManager: Shutting down and abandoning module OculusInput (412)
[2019.09.23-12.51.48:395][823]LogModuleManager: Shutting down and abandoning module MobilePatchingUtils (410)
[2019.09.23-12.51.48:395][823]LogModuleManager: Shutting down and abandoning module EditableMesh (408)
[2019.09.23-12.51.48:395][823]LogModuleManager: Shutting down and abandoning module CustomMeshComponent (406)
[2019.09.23-12.51.48:395][823]LogModuleManager: Shutting down and abandoning module CableComponent (404)
[2019.09.23-12.51.48:395][823]LogModuleManager: Shutting down and abandoning module AudioCapture (402)
[2019.09.23-12.51.48:395][823]LogModuleManager: Shutting down and abandoning module ArchVisCharacter (400)
[2019.09.23-12.51.48:396][823]LogModuleManager: Shutting down and abandoning module AppleImageUtilsBlueprintSupport (398)
[2019.09.23-12.51.48:396][823]LogModuleManager: Shutting down and abandoning module AppleImageUtils (396)
[2019.09.23-12.51.48:396][823]LogModuleManager: Shutting down and abandoning module AndroidPermission (394)
[2019.09.23-12.51.48:396][823]LogModuleManager: Shutting down and abandoning module NUTUnrealEngine4 (392)
[2019.09.23-12.51.48:396][823]LogModuleManager: Shutting down and abandoning module NetcodeUnitTest (390)
[2019.09.23-12.51.48:396][823]LogModuleManager: Shutting down and abandoning module MediaCompositing (388)
[2019.09.23-12.51.48:396][823]LogModuleManager: Shutting down and abandoning module ImgMedia (386)
[2019.09.23-12.51.48:396][823]LogModuleManager: Shutting down and abandoning module MagicLeapHelperVulkan (384)
[2019.09.23-12.51.48:396][823]LogModuleManager: Shutting down and abandoning module MagicLeapHelperOpenGL (382)
[2019.09.23-12.51.48:396][823]LogModuleManager: Shutting down and abandoning module MagicLeapAudio (380)
[2019.09.23-12.51.48:396][823]LogModuleManager: Shutting down and abandoning module HTML5Networking (378)
[2019.09.23-12.51.48:396][823]LogModuleManager: Shutting down and abandoning module GeometryCacheTracks (376)
[2019.09.23-12.51.48:396][823]LogModuleManager: Shutting down and abandoning module GeometryCacheSequencer (374)
[2019.09.23-12.51.48:396][823]LogModuleManager: Shutting down and abandoning module BackChannel (372)
[2019.09.23-12.51.48:396][823]LogModuleManager: Shutting down and abandoning module AutomationUtilsEditor (370)
[2019.09.23-12.51.48:396][823]LogModuleManager: Shutting down and abandoning module AutomationUtils (368)
[2019.09.23-12.51.48:397][823]LogModuleManager: Shutting down and abandoning module AlembicImporter (366)
[2019.09.23-12.51.48:397][823]LogModuleManager: Shutting down and abandoning module AlembicLibrary (365)
[2019.09.23-12.51.48:397][823]LogModuleManager: Shutting down and abandoning module GeometryCache (364)
[2019.09.23-12.51.48:397][823]LogModuleManager: Shutting down and abandoning module GeometryCacheEd (363)
[2019.09.23-12.51.48:397][823]LogModuleManager: Shutting down and abandoning module VariantManagerContent (358)
[2019.09.23-12.51.48:397][823]LogModuleManager: Shutting down and abandoning module DatasmithContentEditor (356)
[2019.09.23-12.51.48:397][823]LogModuleManager: Shutting down and abandoning module SpeedTreeImporter (354)
[2019.09.23-12.51.48:397][823]LogModuleManager: Shutting down and abandoning module PluginBrowser (352)
[2019.09.23-12.51.48:397][823]LogModuleManager: Shutting down and abandoning module MobileLauncherProfileWizard (350)
[2019.09.23-12.51.48:397][823]LogModuleManager: Shutting down and abandoning module MaterialAnalyzer (348)
[2019.09.23-12.51.48:397][823]LogModuleManager: Shutting down and abandoning module CurveEditorTools (346)
[2019.09.23-12.51.48:397][823]LogModuleManager: Shutting down and abandoning module CurveEditor (345)
[2019.09.23-12.51.48:398][823]LogModuleManager: Shutting down and abandoning module CryptoKeysOpenSSL (342)
[2019.09.23-12.51.48:398][823]LogModuleManager: Shutting down and abandoning module CryptoKeys (340)
[2019.09.23-12.51.48:398][823]LogModuleManager: Shutting down and abandoning module VisualStudioSourceCodeAccess (338)
[2019.09.23-12.51.48:398][823]LogModuleManager: Shutting down and abandoning module VisualStudioCodeSourceCodeAccess (336)
[2019.09.23-12.51.48:398][823]LogModuleManager: Shutting down and abandoning module UObjectPlugin (334)
[2019.09.23-12.51.48:398][823]LogModuleManager: Shutting down and abandoning module SubversionSourceControl (332)
[2019.09.23-12.51.48:398][823]LogModuleManager: Shutting down and abandoning module PerforceSourceControl (330)
[2019.09.23-12.51.48:398][823]LogModuleManager: Shutting down and abandoning module GitSourceControl (328)
[2019.09.23-12.51.48:398][823]LogModuleManager: Shutting down and abandoning module SourceControl (327)
[2019.09.23-12.51.48:398][823]LogModuleManager: Shutting down and abandoning module CLionSourceCodeAccess (324)
[2019.09.23-12.51.48:398][823]LogModuleManager: Shutting down and abandoning module AnimationSharingEd (322)
[2019.09.23-12.51.48:398][823]LogModuleManager: Shutting down and abandoning module ActorLayerUtilitiesEditor (320)
[2019.09.23-12.51.48:398][823]LogModuleManager: Shutting down and abandoning module ActorLayerUtilities (318)
[2019.09.23-12.51.48:399][823]LogModuleManager: Shutting down and abandoning module LightPropagationVolumeEditor (316)
[2019.09.23-12.51.48:399][823]LogModuleManager: Shutting down and abandoning module PaperTiledImporter (314)
[2019.09.23-12.51.48:399][823]LogModuleManager: Shutting down and abandoning module PaperSpriteSheetImporter (312)
[2019.09.23-12.51.48:399][823]LogModuleManager: Shutting down and abandoning module Paper2DEditor (310)
[2019.09.23-12.51.48:399][823]LogModuleManager: Shutting down and abandoning module SignificanceManager (308)
[2019.09.23-12.51.48:399][823]LogModuleManager: Shutting down and abandoning module RuntimePhysXCooking (306)
[2019.09.23-12.51.48:399][823]LogModuleManager: Shutting down and abandoning module PhysXVehiclesEditor (304)
[2019.09.23-12.51.48:399][823]LogModuleManager: Shutting down and abandoning module LocationServicesBPLibrary (300)
[2019.09.23-12.51.48:399][823]LogModuleManager: Shutting down and abandoning module ActorSequence (298)
[2019.09.23-12.51.48:399][823]LogModuleManager: Shutting down and abandoning module UdpMessaging (296)
[2019.09.23-12.51.48:500][823]LogModuleManager: Shutting down and abandoning module TcpMessaging (294)
[2019.09.23-12.51.48:601][823]LogModuleManager: Shutting down and abandoning module MagicLeapIdentity (292)
[2019.09.23-12.51.48:601][823]LogModuleManager: Shutting down and abandoning module MagicLeapSecureStorage (290)
[2019.09.23-12.51.48:601][823]LogModuleManager: Shutting down and abandoning module MagicLeapHandTracking (288)
[2019.09.23-12.51.48:601][823]LogModuleManager: Shutting down and abandoning module MagicLeapEyeTracker (286)
[2019.09.23-12.51.48:601][823]LogModuleManager: Shutting down and abandoning module MagicLeapController (284)
[2019.09.23-12.51.48:601][823]LogSlate: Slate User Destroyed.  User Index 0, Is Virtual User: 0
[2019.09.23-12.51.48:602][823]LogModuleManager: Shutting down and abandoning module MagicLeapAR (282)
[2019.09.23-12.51.48:602][823]LogModuleManager: Shutting down and abandoning module AugmentedReality (281)
[2019.09.23-12.51.48:602][823]LogModuleManager: Shutting down and abandoning module GameplayTagsEditor (278)
[2019.09.23-12.51.48:602][823]LogModuleManager: Shutting down and abandoning module FacialAnimationEditor (276)
[2019.09.23-12.51.48:602][823]LogModuleManager: Shutting down and abandoning module FacialAnimation (274)
[2019.09.23-12.51.48:602][823]LogModuleManager: Shutting down and abandoning module DataValidation (272)
[2019.09.23-12.51.48:602][823]LogModuleManager: Shutting down and abandoning module AssetManagerEditor (270)
[2019.09.23-12.51.48:602][823]LogModuleManager: Shutting down and abandoning module LevelEditor (269)
[2019.09.23-12.51.48:604][823]LogModuleManager: Shutting down and abandoning module PixelInspectorModule (268)
[2019.09.23-12.51.48:604][823]LogModuleManager: Shutting down and abandoning module CommonMenuExtensions (266)
[2019.09.23-12.51.48:605][823]LogModuleManager: Shutting down and abandoning module MainFrame (264)
[2019.09.23-12.51.48:605][823]LogModuleManager: Shutting down and abandoning module HotReload (263)
[2019.09.23-12.51.48:606][823]LogModuleManager: Shutting down and abandoning module ContentBrowser (259)
[2019.09.23-12.51.48:609][823]LogModuleManager: Shutting down and abandoning module TreeMap (257)
[2019.09.23-12.51.48:609][823]LogModuleManager: Shutting down and abandoning module AnimationSharing (254)
[2019.09.23-12.51.48:609][823]LogModuleManager: Shutting down and abandoning module LightPropagationVolumeRuntime (252)
[2019.09.23-12.51.48:609][823]LogModuleManager: Shutting down and abandoning module Paper2D (250)
[2019.09.23-12.51.48:609][823]LogModuleManager: Shutting down and abandoning module WindowsMoviePlayer (248)
[2019.09.23-12.51.48:616][823]LogModuleManager: Shutting down and abandoning module WebMMoviePlayer (246)
[2019.09.23-12.51.48:616][823]LogModuleManager: Shutting down and abandoning module NetworkReplayStreaming (244)
[2019.09.23-12.51.48:616][823]LogModuleManager: Shutting down and abandoning module PacketHandler (242)
[2019.09.23-12.51.48:616][823]LogModuleManager: Shutting down and abandoning module ClothingSystemEditor (240)
[2019.09.23-12.51.48:616][823]LogModuleManager: Shutting down and abandoning module ClothingSystemRuntime (238)
[2019.09.23-12.51.48:616][823]LogModuleManager: Shutting down and abandoning module MediaAssets (236)
[2019.09.23-12.51.48:616][823]LogModuleManager: Shutting down and abandoning module Overlay (234)
[2019.09.23-12.51.48:616][823]LogModuleManager: Shutting down and abandoning module OverlayEditor (233)
[2019.09.23-12.51.48:617][823]LogModuleManager: Shutting down and abandoning module VREditor (230)
[2019.09.23-12.51.48:617][823]LogModuleManager: Shutting down and abandoning module StringTableEditor (228)
[2019.09.23-12.51.48:617][823]LogModuleManager: Shutting down and abandoning module GameplayTasksEditor (226)
[2019.09.23-12.51.48:617][823]LogModuleManager: Shutting down and abandoning module BehaviorTreeEditor (224)
[2019.09.23-12.51.48:617][823]LogModuleManager: Shutting down and abandoning module FunctionalTesting (222)
[2019.09.23-12.51.48:618][823]LogModuleManager: Shutting down and abandoning module CollisionAnalyzer (220)
[2019.09.23-12.51.48:618][823]LogModuleManager: Shutting down and abandoning module WorkspaceMenuStructure (219)
[2019.09.23-12.51.48:618][823]LogModuleManager: Shutting down and abandoning module UMG (216)
[2019.09.23-12.51.48:618][823]LogModuleManager: Shutting down and abandoning module UMGEditor (215)
[2019.09.23-12.51.48:618][823]LogModuleManager: Shutting down and abandoning module Sequencer (214)
[2019.09.23-12.51.48:618][823]LogModuleManager: Shutting down and abandoning module MessageLog (211)
[2019.09.23-12.51.48:618][823]LogModuleManager: Shutting down and abandoning module SlateReflector (206)
[2019.09.23-12.51.48:619][823]LogModuleManager: Shutting down and abandoning module Slate (204)
[2019.09.23-12.51.48:619][823]LogModuleManager: Shutting down and abandoning module LandscapeEditorUtilities (202)
[2019.09.23-12.51.48:619][823]LogModuleManager: Shutting down and abandoning module EditorStyle (200)
[2019.09.23-12.51.48:622][823]LogModuleManager: Shutting down and abandoning module UnrealEd (198)
[2019.09.23-12.51.48:622][823]LogModuleManager: Shutting down and abandoning module MRMesh (196)
[2019.09.23-12.51.48:623][823]LogModuleManager: Shutting down and abandoning module SourceCodeAccess (194)
[2019.09.23-12.51.48:623][823]LogModuleManager: Shutting down and abandoning module HeadMountedDisplay (192)
[2019.09.23-12.51.48:623][823]LogModuleManager: Shutting down and abandoning module XAudio2 (190)
[2019.09.23-12.51.48:623][823]LogModuleManager: Shutting down and abandoning module Networking (188)
[2019.09.23-12.51.48:623][823]LogModuleManager: Shutting down and abandoning module Core (186)
[2019.09.23-12.51.48:623][823]LogModuleManager: Shutting down and abandoning module KismetCompiler (184)
[2019.09.23-12.51.48:623][823]LogModuleManager: Shutting down and abandoning module MeshUtilities (182)
[2019.09.23-12.51.48:623][823]LogModuleManager: Shutting down and abandoning module MeshMergeUtilities (181)
[2019.09.23-12.51.48:623][823]LogModuleManager: Shutting down and abandoning module MeshReductionInterface (180)
[2019.09.23-12.51.48:623][823]LogModuleManager: Shutting down and abandoning module SkeletalMeshReduction (179)
[2019.09.23-12.51.48:623][823]LogModuleManager: Shutting down and abandoning module ProxyLODMeshReduction (177)
[2019.09.23-12.51.48:623][823]LogModuleManager: Shutting down and abandoning module QuadricMeshReduction (175)
[2019.09.23-12.51.48:623][823]LogModuleManager: Shutting down and abandoning module MaterialBaking (171)
[2019.09.23-12.51.48:623][823]LogModuleManager: Shutting down and abandoning module NullInstallBundleManager (166)
[2019.09.23-12.51.48:624][823]LogModuleManager: Shutting down and abandoning module DerivedDataCache (164)
[2019.09.23-12.51.48:666][823]LogDerivedDataCache: Shutdown
[2019.09.23-12.51.48:666][823]LogModuleManager: Shutting down and abandoning module XGEController (162)
[2019.09.23-12.51.48:666][823]LogXGEController: Cleaning working directory: C:/Users/Foxx/AppData/Local/Temp/UnrealXGEWorkingDir/
[2019.09.23-12.51.48:667][823]LogModuleManager: Shutting down and abandoning module TargetPlatform (160)
[2019.09.23-12.51.48:667][823]LogModuleManager: Shutting down and abandoning module VulkanShaderFormat (159)
[2019.09.23-12.51.48:667][823]LogModuleManager: Shutting down and abandoning module ShaderFormatVectorVM (157)
[2019.09.23-12.51.48:667][823]LogModuleManager: Shutting down and abandoning module ShaderFormatOpenGL (155)
[2019.09.23-12.51.48:667][823]LogModuleManager: Shutting down and abandoning module ShaderFormatD3D (153)
[2019.09.23-12.51.48:667][823]LogModuleManager: Shutting down and abandoning module MetalShaderFormat (151)
[2019.09.23-12.51.48:667][823]LogModuleManager: Shutting down and abandoning module TextureFormatUncompressed (149)
[2019.09.23-12.51.48:667][823]LogModuleManager: Shutting down and abandoning module TextureFormatPVR (147)
[2019.09.23-12.51.48:667][823]LogModuleManager: Shutting down and abandoning module TextureFormatDXT (145)
[2019.09.23-12.51.48:667][823]LogModuleManager: Shutting down and abandoning module TextureFormatIntelISPCTexComp (143)
[2019.09.23-12.51.48:668][823]LogModuleManager: Shutting down and abandoning module TextureFormatASTC (141)
[2019.09.23-12.51.48:668][823]LogModuleManager: Shutting down and abandoning module ImageWrapper (140)
[2019.09.23-12.51.48:668][823]LogModuleManager: Shutting down and abandoning module TextureFormatAndroid (137)
[2019.09.23-12.51.48:668][823]LogModuleManager: Shutting down and abandoning module AudioFormatOpus (135)
[2019.09.23-12.51.48:668][823]LogModuleManager: Shutting down and abandoning module AudioFormatOgg (133)
[2019.09.23-12.51.48:668][823]LogModuleManager: Shutting down and abandoning module AudioFormatADPCM (131)
[2019.09.23-12.51.48:668][823]LogModuleManager: Shutting down and abandoning module LuminTargetPlatform (129)
[2019.09.23-12.51.48:670][823]LogModuleManager: Shutting down and abandoning module LinuxTargetPlatform (127)
[2019.09.23-12.51.48:670][823]LogModuleManager: Shutting down and abandoning module LinuxServerTargetPlatform (125)
[2019.09.23-12.51.48:670][823]LogModuleManager: Shutting down and abandoning module LinuxNoEditorTargetPlatform (123)
[2019.09.23-12.51.48:671][823]LogModuleManager: Shutting down and abandoning module LinuxClientTargetPlatform (121)
[2019.09.23-12.51.48:671][823]LogModuleManager: Shutting down and abandoning module TVOSTargetPlatform (119)
[2019.09.23-12.51.48:673][823]LogModuleManager: Shutting down and abandoning module Messaging (117)
[2019.09.23-12.51.48:673][823]LogModuleManager: Shutting down and abandoning module IOSTargetPlatform (115)
[2019.09.23-12.51.48:675][823]LogModuleManager: Shutting down and abandoning module HTML5TargetPlatform (113)
[2019.09.23-12.51.48:675][823]LogModuleManager: Shutting down and abandoning module AndroidTargetPlatform (111)
[2019.09.23-12.51.48:694][823]LogModuleManager: Shutting down and abandoning module WindowsTargetPlatform (109)
[2019.09.23-12.51.48:694][823]LogModuleManager: Shutting down and abandoning module WindowsServerTargetPlatform (107)
[2019.09.23-12.51.48:694][823]LogModuleManager: Shutting down and abandoning module WindowsNoEditorTargetPlatform (105)
[2019.09.23-12.51.48:694][823]LogModuleManager: Shutting down and abandoning module WindowsClientTargetPlatform (103)
[2019.09.23-12.51.48:694][823]LogModuleManager: Shutting down and abandoning module MacTargetPlatform (101)
[2019.09.23-12.51.48:694][823]LogModuleManager: Shutting down and abandoning module MacServerTargetPlatform (99)
[2019.09.23-12.51.48:694][823]LogModuleManager: Shutting down and abandoning module MacNoEditorTargetPlatform (97)
[2019.09.23-12.51.48:694][823]LogModuleManager: Shutting down and abandoning module MacClientTargetPlatform (95)
[2019.09.23-12.51.48:694][823]LogModuleManager: Shutting down and abandoning module AllDesktopTargetPlatform (93)
[2019.09.23-12.51.48:694][823]LogModuleManager: Shutting down and abandoning module InputCore (90)
[2019.09.23-12.51.48:694][823]LogModuleManager: Shutting down and abandoning module Settings (88)
[2019.09.23-12.51.48:694][823]LogModuleManager: Shutting down and abandoning module DirectoryWatcher (86)
[2019.09.23-12.51.48:695][823]LogModuleManager: Shutting down and abandoning module PhysXCooking (84)
[2019.09.23-12.51.48:695][823]LogModuleManager: Shutting down and abandoning module WindowsPlatformFeatures (82)
[2019.09.23-12.51.48:695][823]LogModuleManager: Shutting down and abandoning module GameplayMediaEncoder (81)
[2019.09.23-12.51.48:695][823]LogModuleManager: Shutting down and abandoning module SteamVR (78)
[2019.09.23-12.51.48:695][823]LogHMD: Freeing OpenVRDLLHandle.
[2019.09.23-12.51.48:695][823]LogModuleManager: Shutting down and abandoning module OculusHMD (76)
[2019.09.23-12.51.48:695][823]LogModuleManager: Shutting down and abandoning module ExampleDeviceProfileSelector (74)
[2019.09.23-12.51.48:695][823]LogModuleManager: Shutting down and abandoning module LauncherChunkInstaller (72)
[2019.09.23-12.51.48:695][823]LogModuleManager: Shutting down and abandoning module OnlineBlueprintSupport (70)
[2019.09.23-12.51.48:695][823]LogModuleManager: Shutting down and abandoning module OnlineSubsystem (66)
[2019.09.23-12.51.48:697][823]LogModuleManager: Shutting down and abandoning module XMPP (61)
[2019.09.23-12.51.48:697][823]LogModuleManager: Shutting down and abandoning module WebSockets (60)
[2019.09.23-12.51.48:703][823]LogModuleManager: Shutting down and abandoning module HTTP (57)
[2019.09.23-12.51.48:703][823]LogHttp: Display: Http module shutting down, but needs to wait on 1 outstanding Http requests:
[2019.09.23-12.51.48:703][823]LogHttp: Display: 	verb=[POST] url=[https://datarouter.ol.epicgames.com/datarouter/api/v1/public/data?SessionID=%7B1C1B08E5-4DC5-B994-CF3A-9D9A3A8D9933%7D&AppID=UEEditor.Rocket.Release&AppVersion=4.23.0-8386587%2B%2B%2BUE4%2BRelease-4.23&UserID=6984823b4f5a9330b94f579383ff4adb%7C83188c2cbc2d49f7884f71c708a07caf%7C53d1a5bc-d397-45a8-8b42-02927c74326c&AppEnvironment=datacollector-binary&UploadType=eteventstream] status=Processing
[2019.09.23-12.51.48:709][823]LogModuleManager: Shutting down and abandoning module SSL (56)
[2019.09.23-12.51.48:711][823]LogModuleManager: Shutting down and abandoning module WmfMedia (52)
[2019.09.23-12.51.48:712][823]LogModuleManager: Shutting down and abandoning module Media (51)
[2019.09.23-12.51.48:712][823]LogModuleManager: Shutting down and abandoning module MagicLeap (48)
[2019.09.23-12.51.48:712][823]LogModuleManager: Shutting down and abandoning module DatasmithContent (46)
[2019.09.23-12.51.48:713][823]LogModuleManager: Shutting down and abandoning module AISupportModule (44)
[2019.09.23-12.51.48:713][823]LogModuleManager: Shutting down and abandoning module PlatformCryptoOpenSSL (42)
[2019.09.23-12.51.48:713][823]LogModuleManager: Shutting down and abandoning module PlatformCrypto (40)
[2019.09.23-12.51.48:713][823]LogModuleManager: Shutting down and abandoning module AnimationModifiers (38)
[2019.09.23-12.51.48:713][823]LogModuleManager: Shutting down and abandoning module PropertyEditor (37)
[2019.09.23-12.51.48:713][823]LogModuleManager: Shutting down and abandoning module AudioEditor (34)
[2019.09.23-12.51.48:713][823]LogModuleManager: Shutting down and abandoning module TextureCompressor (32)
[2019.09.23-12.51.48:713][823]LogModuleManager: Shutting down and abandoning module RenderCore (30)
[2019.09.23-12.51.48:713][823]LogModuleManager: Shutting down and abandoning module Landscape (28)
[2019.09.23-12.51.48:713][823]LogModuleManager: Shutting down and abandoning module SlateRHIRenderer (26)
[2019.09.23-12.51.48:714][823]LogModuleManager: Shutting down and abandoning module OpenGLDrv (24)
[2019.09.23-12.51.48:714][823]LogModuleManager: Shutting down and abandoning module D3D11RHI (22)
[2019.09.23-12.51.48:714][823]LogModuleManager: Shutting down and abandoning module AnimGraphRuntime (20)
[2019.09.23-12.51.48:714][823]LogModuleManager: Shutting down and abandoning module Renderer (18)
[2019.09.23-12.51.48:714][823]LogModuleManager: Shutting down and abandoning module Engine (16)
[2019.09.23-12.51.48:714][823]LogModuleManager: Shutting down and abandoning module CoreUObject (14)
[2019.09.23-12.51.48:714][823]LogModuleManager: Shutting down and abandoning module NetworkFile (12)
[2019.09.23-12.51.48:714][823]LogModuleManager: Shutting down and abandoning module CookedIterativeFile (10)
[2019.09.23-12.51.48:714][823]LogModuleManager: Shutting down and abandoning module StreamingFile (8)
[2019.09.23-12.51.48:714][823]LogModuleManager: Shutting down and abandoning module SandboxFile (6)
[2019.09.23-12.51.48:714][823]LogModuleManager: Shutting down and abandoning module PakFile (4)
[2019.09.23-12.51.48:714][823]LogModuleManager: Shutting down and abandoning module RSA (3)
[2019.09.23-12.51.48:715][823]LogD3D11RHI: Shutdown
[2019.09.23-12.51.48:715][823]LogD3D11RHI: CleanupD3DDevice
[2019.09.23-12.51.48:716][823]LogRendererCore: FGlobalDynamicReadBuffer::Cleanup()
[2019.09.23-12.51.48:716][823]LogRendererCore: FGlobalDynamicReadBuffer::Cleanup()
[2019.09.23-12.51.48:716][823]LogRendererCore: FGlobalDynamicReadBuffer::Cleanup()
[2019.09.23-12.51.48:800][823]LogD3D11RHI: ~FD3D11DynamicRHI
[2019.09.23-12.51.48:804][823]LogExit: Exiting.
[2019.09.23-12.51.48:807][823]Log file closed, 09/23/19 15:51:48
